2017-06-07 11:10:30,080 WARN org.apache.hadoop.util.NativeCodeLoader: Unable to load native-hadoop library for your platform... using builtin-java classes where applicable
2017-06-07 11:10:33,354 INFO org.apache.hadoop.conf.Configuration.deprecation: session.id is deprecated. Instead, use dfs.metrics.session-id
2017-06-07 11:10:33,357 INFO org.apache.hadoop.metrics.jvm.JvmMetrics: Initializing JVM Metrics with processName=JobTracker, sessionId=
2017-06-07 11:10:34,434 WARN org.apache.hadoop.mapreduce.JobResourceUploader: Hadoop command-line option parsing not performed. Implement the Tool interface and execute your application with ToolRunner to remedy this.
2017-06-07 11:10:34,441 WARN org.apache.hadoop.mapreduce.JobResourceUploader: No job jar file set.  User classes may not be found. See Job or Job#setJar(String).
2017-06-07 11:10:34,540 INFO org.apache.hadoop.mapreduce.lib.input.FileInputFormat: Total input paths to process : 1
2017-06-07 11:10:34,667 INFO org.apache.hadoop.mapreduce.lib.input.FileInputFormat: Total input paths to process : 1
2017-06-07 11:10:34,793 INFO org.apache.hadoop.mapreduce.JobSubmitter: number of splits:2
2017-06-07 11:10:35,335 INFO org.apache.hadoop.mapreduce.JobSubmitter: Submitting tokens for job: job_local1154678813_0001
2017-06-07 11:10:35,988 INFO org.apache.hadoop.mapreduce.Job: The url to track the job: http://localhost:8080/
2017-06-07 11:10:35,989 INFO org.apache.hadoop.mapreduce.Job: Running job: job_local1154678813_0001
2017-06-07 11:10:36,003 INFO org.apache.hadoop.mapred.LocalJobRunner: OutputCommitter set in config null
2017-06-07 11:10:36,017 INFO org.apache.hadoop.mapreduce.lib.output.FileOutputCommitter: File Output Committer Algorithm version is 1
2017-06-07 11:10:36,019 INFO org.apache.hadoop.mapred.LocalJobRunner: OutputCommitter is org.apache.hadoop.mapreduce.lib.output.FileOutputCommitter
2017-06-07 11:10:36,197 INFO org.apache.hadoop.mapred.LocalJobRunner: Waiting for map tasks
2017-06-07 11:10:36,199 INFO org.apache.hadoop.mapred.LocalJobRunner: Starting task: attempt_local1154678813_0001_m_000000_0
2017-06-07 11:10:36,257 INFO org.apache.hadoop.mapreduce.lib.output.FileOutputCommitter: File Output Committer Algorithm version is 1
2017-06-07 11:10:36,364 INFO org.apache.hadoop.mapred.Task:  Using ResourceCalculatorProcessTree : [ ]
2017-06-07 11:10:36,370 INFO org.apache.hadoop.mapred.MapTask: Processing split: hdfs://quickstart.cloudera:8020/user/data/ml-1m/movies.dat:0+171308
2017-06-07 11:10:36,936 INFO org.apache.hadoop.mapred.MapTask: (EQUATOR) 0 kvi 26214396(104857584)
2017-06-07 11:10:36,936 INFO org.apache.hadoop.mapred.MapTask: mapreduce.task.io.sort.mb: 100
2017-06-07 11:10:36,936 INFO org.apache.hadoop.mapred.MapTask: soft limit at 83886080
2017-06-07 11:10:36,936 INFO org.apache.hadoop.mapred.MapTask: bufstart = 0; bufvoid = 104857600
2017-06-07 11:10:36,936 INFO org.apache.hadoop.mapred.MapTask: kvstart = 26214396; length = 6553600
2017-06-07 11:10:36,952 INFO org.apache.hadoop.mapred.MapTask: Map output collector class = org.apache.hadoop.mapred.MapTask$MapOutputBuffer
2017-06-07 11:10:37,002 INFO org.apache.hadoop.mapreduce.Job: Job job_local1154678813_0001 running in uber mode : false
2017-06-07 11:10:37,310 INFO org.apache.hadoop.mapreduce.Job:  map 0% reduce 0%
2017-06-07 11:10:38,474 INFO org.apache.hadoop.mapred.LocalJobRunner: 
2017-06-07 11:10:38,503 INFO org.apache.hadoop.mapred.MapTask: Starting flush of map output
2017-06-07 11:10:38,503 INFO org.apache.hadoop.mapred.MapTask: Spilling map output
2017-06-07 11:10:38,504 INFO org.apache.hadoop.mapred.MapTask: bufstart = 0; bufend = 135722; bufvoid = 104857600
2017-06-07 11:10:38,504 INFO org.apache.hadoop.mapred.MapTask: kvstart = 26214396(104857584); kvend = 26198868(104795472); length = 15529/6553600
2017-06-07 11:10:38,753 INFO org.apache.hadoop.mapred.MapTask: Finished spill 0
2017-06-07 11:10:38,760 INFO org.apache.hadoop.mapred.Task: Task:attempt_local1154678813_0001_m_000000_0 is done. And is in the process of committing
2017-06-07 11:10:38,785 INFO org.apache.hadoop.mapred.LocalJobRunner: map
2017-06-07 11:10:38,785 INFO org.apache.hadoop.mapred.Task: Task 'attempt_local1154678813_0001_m_000000_0' done.
2017-06-07 11:10:38,786 INFO org.apache.hadoop.mapred.LocalJobRunner: Finishing task: attempt_local1154678813_0001_m_000000_0
2017-06-07 11:10:38,786 INFO org.apache.hadoop.mapred.LocalJobRunner: Starting task: attempt_local1154678813_0001_m_000001_0
2017-06-07 11:10:38,788 INFO org.apache.hadoop.mapreduce.lib.output.FileOutputCommitter: File Output Committer Algorithm version is 1
2017-06-07 11:10:38,788 INFO org.apache.hadoop.mapred.Task:  Using ResourceCalculatorProcessTree : [ ]
2017-06-07 11:10:38,790 INFO org.apache.hadoop.mapred.MapTask: Processing split: hdfs://quickstart.cloudera:8020/user/output/avg_rating40/part-r-00000:0+70532
2017-06-07 11:10:39,324 INFO org.apache.hadoop.mapreduce.Job:  map 100% reduce 0%
2017-06-07 11:10:40,497 INFO org.apache.hadoop.mapred.MapTask: (EQUATOR) 0 kvi 26214396(104857584)
2017-06-07 11:10:40,498 INFO org.apache.hadoop.mapred.MapTask: mapreduce.task.io.sort.mb: 100
2017-06-07 11:10:40,498 INFO org.apache.hadoop.mapred.MapTask: soft limit at 83886080
2017-06-07 11:10:40,498 INFO org.apache.hadoop.mapred.MapTask: bufstart = 0; bufvoid = 104857600
2017-06-07 11:10:40,498 INFO org.apache.hadoop.mapred.MapTask: kvstart = 26214396; length = 6553600
2017-06-07 11:10:40,500 INFO org.apache.hadoop.mapred.MapTask: Map output collector class = org.apache.hadoop.mapred.MapTask$MapOutputBuffer
2017-06-07 11:10:41,429 INFO org.apache.hadoop.mapred.LocalJobRunner: 
2017-06-07 11:10:41,430 INFO org.apache.hadoop.mapred.MapTask: Starting flush of map output
2017-06-07 11:10:41,431 INFO org.apache.hadoop.mapred.MapTask: Spilling map output
2017-06-07 11:10:41,432 INFO org.apache.hadoop.mapred.MapTask: bufstart = 0; bufend = 90934; bufvoid = 104857600
2017-06-07 11:10:41,433 INFO org.apache.hadoop.mapred.MapTask: kvstart = 26214396(104857584); kvend = 26203708(104814832); length = 10689/6553600
2017-06-07 11:10:41,452 INFO org.apache.hadoop.mapred.MapTask: Finished spill 0
2017-06-07 11:10:41,455 INFO org.apache.hadoop.mapred.Task: Task:attempt_local1154678813_0001_m_000001_0 is done. And is in the process of committing
2017-06-07 11:10:41,460 INFO org.apache.hadoop.mapred.LocalJobRunner: map
2017-06-07 11:10:41,460 INFO org.apache.hadoop.mapred.Task: Task 'attempt_local1154678813_0001_m_000001_0' done.
2017-06-07 11:10:41,461 INFO org.apache.hadoop.mapred.LocalJobRunner: Finishing task: attempt_local1154678813_0001_m_000001_0
2017-06-07 11:10:41,461 INFO org.apache.hadoop.mapred.LocalJobRunner: map task executor complete.
2017-06-07 11:10:41,759 INFO org.apache.hadoop.mapred.LocalJobRunner: Waiting for reduce tasks
2017-06-07 11:10:41,759 INFO org.apache.hadoop.mapred.LocalJobRunner: Starting task: attempt_local1154678813_0001_r_000000_0
2017-06-07 11:10:42,076 INFO org.apache.hadoop.mapreduce.lib.output.FileOutputCommitter: File Output Committer Algorithm version is 1
2017-06-07 11:10:42,077 INFO org.apache.hadoop.mapred.Task:  Using ResourceCalculatorProcessTree : [ ]
2017-06-07 11:10:42,084 INFO org.apache.hadoop.mapred.ReduceTask: Using ShuffleConsumerPlugin: org.apache.hadoop.mapreduce.task.reduce.Shuffle@7d536e59
2017-06-07 11:10:42,106 INFO org.apache.hadoop.mapreduce.task.reduce.MergeManagerImpl: MergerManager: memoryLimit=790888448, maxSingleShuffleLimit=197722112, mergeThreshold=521986400, ioSortFactor=10, memToMemMergeOutputsThreshold=10
2017-06-07 11:10:42,110 INFO org.apache.hadoop.mapreduce.task.reduce.EventFetcher: attempt_local1154678813_0001_r_000000_0 Thread started: EventFetcher for fetching Map Completion Events
2017-06-07 11:10:42,206 INFO org.apache.hadoop.mapreduce.task.reduce.LocalFetcher: localfetcher#1 about to shuffle output of map attempt_local1154678813_0001_m_000001_0 decomp: 96282 len: 96286 to MEMORY
2017-06-07 11:10:42,221 INFO org.apache.hadoop.mapreduce.task.reduce.InMemoryMapOutput: Read 96282 bytes from map-output for attempt_local1154678813_0001_m_000001_0
2017-06-07 11:10:42,224 INFO org.apache.hadoop.mapreduce.task.reduce.MergeManagerImpl: closeInMemoryFile -> map-output of size: 96282, inMemoryMapOutputs.size() -> 1, commitMemory -> 0, usedMemory ->96282
2017-06-07 11:10:42,238 INFO org.apache.hadoop.mapreduce.task.reduce.LocalFetcher: localfetcher#1 about to shuffle output of map attempt_local1154678813_0001_m_000000_0 decomp: 143490 len: 143494 to MEMORY
2017-06-07 11:10:42,270 INFO org.apache.hadoop.mapreduce.task.reduce.InMemoryMapOutput: Read 143490 bytes from map-output for attempt_local1154678813_0001_m_000000_0
2017-06-07 11:10:42,271 INFO org.apache.hadoop.mapreduce.task.reduce.MergeManagerImpl: closeInMemoryFile -> map-output of size: 143490, inMemoryMapOutputs.size() -> 2, commitMemory -> 96282, usedMemory ->239772
2017-06-07 11:10:42,271 INFO org.apache.hadoop.mapreduce.task.reduce.EventFetcher: EventFetcher is interrupted.. Returning
2017-06-07 11:10:42,273 INFO org.apache.hadoop.mapred.LocalJobRunner: 2 / 2 copied.
2017-06-07 11:10:42,274 INFO org.apache.hadoop.mapreduce.task.reduce.MergeManagerImpl: finalMerge called with 2 in-memory map-outputs and 0 on-disk map-outputs
2017-06-07 11:10:42,292 INFO org.apache.hadoop.mapred.Merger: Merging 2 sorted segments
2017-06-07 11:10:42,293 INFO org.apache.hadoop.mapred.Merger: Down to the last merge-pass, with 2 segments left of total size: 239764 bytes
2017-06-07 11:10:42,402 INFO org.apache.hadoop.mapreduce.task.reduce.MergeManagerImpl: Merged 2 segments, 239772 bytes to disk to satisfy reduce memory limit
2017-06-07 11:10:42,402 INFO org.apache.hadoop.mapreduce.task.reduce.MergeManagerImpl: Merging 1 files, 239774 bytes from disk
2017-06-07 11:10:42,405 INFO org.apache.hadoop.mapreduce.task.reduce.MergeManagerImpl: Merging 0 segments, 0 bytes from memory into reduce
2017-06-07 11:10:42,405 INFO org.apache.hadoop.mapred.Merger: Merging 1 sorted segments
2017-06-07 11:10:42,406 INFO org.apache.hadoop.mapred.Merger: Down to the last merge-pass, with 1 segments left of total size: 239766 bytes
2017-06-07 11:10:42,407 INFO org.apache.hadoop.mapred.LocalJobRunner: 2 / 2 copied.
2017-06-07 11:10:42,459 INFO org.apache.hadoop.conf.Configuration.deprecation: mapred.skip.on is deprecated. Instead, use mapreduce.job.skiprecords
2017-06-07 11:10:43,209 INFO org.apache.hadoop.mapred.Task: Task:attempt_local1154678813_0001_r_000000_0 is done. And is in the process of committing
2017-06-07 11:10:43,239 INFO org.apache.hadoop.mapred.LocalJobRunner: 2 / 2 copied.
2017-06-07 11:10:43,240 INFO org.apache.hadoop.mapred.Task: Task attempt_local1154678813_0001_r_000000_0 is allowed to commit now
2017-06-07 11:10:43,262 INFO org.apache.hadoop.mapreduce.lib.output.FileOutputCommitter: Saved output of task 'attempt_local1154678813_0001_r_000000_0' to hdfs://quickstart.cloudera:8020/user/output/nameAvgCount/_temporary/0/task_local1154678813_0001_r_000000
2017-06-07 11:10:43,275 INFO org.apache.hadoop.mapred.LocalJobRunner: reduce > reduce
2017-06-07 11:10:43,276 INFO org.apache.hadoop.mapred.Task: Task 'attempt_local1154678813_0001_r_000000_0' done.
2017-06-07 11:10:43,276 INFO org.apache.hadoop.mapred.LocalJobRunner: Finishing task: attempt_local1154678813_0001_r_000000_0
2017-06-07 11:10:43,280 INFO org.apache.hadoop.mapred.LocalJobRunner: reduce task executor complete.
2017-06-07 11:10:43,327 INFO org.apache.hadoop.mapreduce.Job:  map 100% reduce 100%
2017-06-07 11:10:44,355 INFO org.apache.hadoop.mapreduce.Job: Job job_local1154678813_0001 completed successfully
2017-06-07 11:10:44,411 INFO org.apache.hadoop.mapreduce.Job: Counters: 35
	File System Counters
		FILE: Number of bytes read=482711
		FILE: Number of bytes written=1728875
		FILE: Number of read operations=0
		FILE: Number of large read operations=0
		FILE: Number of write operations=0
		HDFS: Number of bytes read=654988
		HDFS: Number of bytes written=162296
		HDFS: Number of read operations=28
		HDFS: Number of large read operations=0
		HDFS: Number of write operations=8
	Map-Reduce Framework
		Map input records=7589
		Map output records=6556
		Map output bytes=226656
		Map output materialized bytes=239780
		Input split bytes=550
		Combine input records=0
		Combine output records=0
		Reduce input groups=3883
		Reduce shuffle bytes=239780
		Reduce input records=6556
		Reduce output records=3883
		Spilled Records=13112
		Shuffled Maps =2
		Failed Shuffles=0
		Merged Map outputs=2
		GC time elapsed (ms)=0
		Total committed heap usage (bytes)=940572672
	Shuffle Errors
		BAD_ID=0
		CONNECTION=0
		IO_ERROR=0
		WRONG_LENGTH=0
		WRONG_MAP=0
		WRONG_REDUCE=0
	File Input Format Counters 
		Bytes Read=0
	File Output Format Counters 
		Bytes Written=162296
2017-06-07 11:33:01,983 WARN org.apache.hadoop.util.NativeCodeLoader: Unable to load native-hadoop library for your platform... using builtin-java classes where applicable
2017-06-07 11:33:04,801 INFO org.apache.hadoop.conf.Configuration.deprecation: session.id is deprecated. Instead, use dfs.metrics.session-id
2017-06-07 11:33:04,804 INFO org.apache.hadoop.metrics.jvm.JvmMetrics: Initializing JVM Metrics with processName=JobTracker, sessionId=
2017-06-07 11:33:05,403 WARN org.apache.hadoop.mapreduce.JobResourceUploader: Hadoop command-line option parsing not performed. Implement the Tool interface and execute your application with ToolRunner to remedy this.
2017-06-07 11:33:05,411 WARN org.apache.hadoop.mapreduce.JobResourceUploader: No job jar file set.  User classes may not be found. See Job or Job#setJar(String).
2017-06-07 11:33:05,521 INFO org.apache.hadoop.mapreduce.lib.input.FileInputFormat: Total input paths to process : 1
2017-06-07 11:33:05,612 INFO org.apache.hadoop.mapreduce.lib.input.FileInputFormat: Total input paths to process : 1
2017-06-07 11:33:05,692 INFO org.apache.hadoop.mapreduce.JobSubmitter: number of splits:2
2017-06-07 11:33:06,205 INFO org.apache.hadoop.mapreduce.JobSubmitter: Submitting tokens for job: job_local993724521_0001
2017-06-07 11:33:06,832 INFO org.apache.hadoop.mapreduce.Job: The url to track the job: http://localhost:8080/
2017-06-07 11:33:06,834 INFO org.apache.hadoop.mapreduce.Job: Running job: job_local993724521_0001
2017-06-07 11:33:06,848 INFO org.apache.hadoop.mapred.LocalJobRunner: OutputCommitter set in config null
2017-06-07 11:33:06,870 INFO org.apache.hadoop.mapreduce.lib.output.FileOutputCommitter: File Output Committer Algorithm version is 1
2017-06-07 11:33:06,876 INFO org.apache.hadoop.mapred.LocalJobRunner: OutputCommitter is org.apache.hadoop.mapreduce.lib.output.FileOutputCommitter
2017-06-07 11:33:07,004 INFO org.apache.hadoop.mapred.LocalJobRunner: Waiting for map tasks
2017-06-07 11:33:07,006 INFO org.apache.hadoop.mapred.LocalJobRunner: Starting task: attempt_local993724521_0001_m_000000_0
2017-06-07 11:33:07,111 INFO org.apache.hadoop.mapreduce.lib.output.FileOutputCommitter: File Output Committer Algorithm version is 1
2017-06-07 11:33:07,152 INFO org.apache.hadoop.mapred.Task:  Using ResourceCalculatorProcessTree : [ ]
2017-06-07 11:33:07,159 INFO org.apache.hadoop.mapred.MapTask: Processing split: hdfs://quickstart.cloudera:8020/user/data/ml-1m/movies.dat:0+171308
2017-06-07 11:33:07,632 INFO org.apache.hadoop.mapred.MapTask: (EQUATOR) 0 kvi 26214396(104857584)
2017-06-07 11:33:07,632 INFO org.apache.hadoop.mapred.MapTask: mapreduce.task.io.sort.mb: 100
2017-06-07 11:33:07,632 INFO org.apache.hadoop.mapred.MapTask: soft limit at 83886080
2017-06-07 11:33:07,632 INFO org.apache.hadoop.mapred.MapTask: bufstart = 0; bufvoid = 104857600
2017-06-07 11:33:07,632 INFO org.apache.hadoop.mapred.MapTask: kvstart = 26214396; length = 6553600
2017-06-07 11:33:07,639 INFO org.apache.hadoop.mapred.MapTask: Map output collector class = org.apache.hadoop.mapred.MapTask$MapOutputBuffer
2017-06-07 11:33:07,847 INFO org.apache.hadoop.mapreduce.Job: Job job_local993724521_0001 running in uber mode : false
2017-06-07 11:33:07,850 INFO org.apache.hadoop.mapreduce.Job:  map 0% reduce 0%
2017-06-07 11:33:08,230 INFO org.apache.hadoop.mapred.LocalJobRunner: 
2017-06-07 11:33:08,237 INFO org.apache.hadoop.mapred.MapTask: Starting flush of map output
2017-06-07 11:33:08,237 INFO org.apache.hadoop.mapred.MapTask: Spilling map output
2017-06-07 11:33:08,237 INFO org.apache.hadoop.mapred.MapTask: bufstart = 0; bufend = 135722; bufvoid = 104857600
2017-06-07 11:33:08,238 INFO org.apache.hadoop.mapred.MapTask: kvstart = 26214396(104857584); kvend = 26198868(104795472); length = 15529/6553600
2017-06-07 11:33:08,482 INFO org.apache.hadoop.mapred.MapTask: Finished spill 0
2017-06-07 11:33:08,488 INFO org.apache.hadoop.mapred.Task: Task:attempt_local993724521_0001_m_000000_0 is done. And is in the process of committing
2017-06-07 11:33:08,508 INFO org.apache.hadoop.mapred.LocalJobRunner: map
2017-06-07 11:33:08,508 INFO org.apache.hadoop.mapred.Task: Task 'attempt_local993724521_0001_m_000000_0' done.
2017-06-07 11:33:08,508 INFO org.apache.hadoop.mapred.LocalJobRunner: Finishing task: attempt_local993724521_0001_m_000000_0
2017-06-07 11:33:08,508 INFO org.apache.hadoop.mapred.LocalJobRunner: Starting task: attempt_local993724521_0001_m_000001_0
2017-06-07 11:33:08,510 INFO org.apache.hadoop.mapreduce.lib.output.FileOutputCommitter: File Output Committer Algorithm version is 1
2017-06-07 11:33:08,511 INFO org.apache.hadoop.mapred.Task:  Using ResourceCalculatorProcessTree : [ ]
2017-06-07 11:33:08,512 INFO org.apache.hadoop.mapred.MapTask: Processing split: hdfs://quickstart.cloudera:8020/user/output/avg_rating40/part-r-00000:0+70532
2017-06-07 11:33:08,917 INFO org.apache.hadoop.mapreduce.Job:  map 100% reduce 0%
2017-06-07 11:33:08,918 INFO org.apache.hadoop.mapred.MapTask: (EQUATOR) 0 kvi 26214396(104857584)
2017-06-07 11:33:08,918 INFO org.apache.hadoop.mapred.MapTask: mapreduce.task.io.sort.mb: 100
2017-06-07 11:33:08,918 INFO org.apache.hadoop.mapred.MapTask: soft limit at 83886080
2017-06-07 11:33:08,918 INFO org.apache.hadoop.mapred.MapTask: bufstart = 0; bufvoid = 104857600
2017-06-07 11:33:08,918 INFO org.apache.hadoop.mapred.MapTask: kvstart = 26214396; length = 6553600
2017-06-07 11:33:09,002 INFO org.apache.hadoop.mapred.MapTask: Map output collector class = org.apache.hadoop.mapred.MapTask$MapOutputBuffer
2017-06-07 11:33:09,203 INFO org.apache.hadoop.mapred.LocalJobRunner: 
2017-06-07 11:33:09,203 INFO org.apache.hadoop.mapred.MapTask: Starting flush of map output
2017-06-07 11:33:09,203 INFO org.apache.hadoop.mapred.MapTask: Spilling map output
2017-06-07 11:33:09,203 INFO org.apache.hadoop.mapred.MapTask: bufstart = 0; bufend = 122416; bufvoid = 104857600
2017-06-07 11:33:09,203 INFO org.apache.hadoop.mapred.MapTask: kvstart = 26214396(104857584); kvend = 26199576(104798304); length = 14821/6553600
2017-06-07 11:33:09,223 INFO org.apache.hadoop.mapred.MapTask: Finished spill 0
2017-06-07 11:33:09,225 INFO org.apache.hadoop.mapred.Task: Task:attempt_local993724521_0001_m_000001_0 is done. And is in the process of committing
2017-06-07 11:33:09,229 INFO org.apache.hadoop.mapred.LocalJobRunner: map
2017-06-07 11:33:09,229 INFO org.apache.hadoop.mapred.Task: Task 'attempt_local993724521_0001_m_000001_0' done.
2017-06-07 11:33:09,230 INFO org.apache.hadoop.mapred.LocalJobRunner: Finishing task: attempt_local993724521_0001_m_000001_0
2017-06-07 11:33:09,230 INFO org.apache.hadoop.mapred.LocalJobRunner: map task executor complete.
2017-06-07 11:33:09,241 INFO org.apache.hadoop.mapred.LocalJobRunner: Waiting for reduce tasks
2017-06-07 11:33:09,241 INFO org.apache.hadoop.mapred.LocalJobRunner: Starting task: attempt_local993724521_0001_r_000000_0
2017-06-07 11:33:09,268 INFO org.apache.hadoop.mapreduce.lib.output.FileOutputCommitter: File Output Committer Algorithm version is 1
2017-06-07 11:33:09,269 INFO org.apache.hadoop.mapred.Task:  Using ResourceCalculatorProcessTree : [ ]
2017-06-07 11:33:09,277 INFO org.apache.hadoop.mapred.ReduceTask: Using ShuffleConsumerPlugin: org.apache.hadoop.mapreduce.task.reduce.Shuffle@880bedc
2017-06-07 11:33:09,298 INFO org.apache.hadoop.mapreduce.task.reduce.MergeManagerImpl: MergerManager: memoryLimit=790888448, maxSingleShuffleLimit=197722112, mergeThreshold=521986400, ioSortFactor=10, memToMemMergeOutputsThreshold=10
2017-06-07 11:33:09,301 INFO org.apache.hadoop.mapreduce.task.reduce.EventFetcher: attempt_local993724521_0001_r_000000_0 Thread started: EventFetcher for fetching Map Completion Events
2017-06-07 11:33:09,403 INFO org.apache.hadoop.mapreduce.task.reduce.LocalFetcher: localfetcher#1 about to shuffle output of map attempt_local993724521_0001_m_000001_0 decomp: 129830 len: 129834 to MEMORY
2017-06-07 11:33:09,414 INFO org.apache.hadoop.mapreduce.task.reduce.InMemoryMapOutput: Read 129830 bytes from map-output for attempt_local993724521_0001_m_000001_0
2017-06-07 11:33:09,419 INFO org.apache.hadoop.mapreduce.task.reduce.MergeManagerImpl: closeInMemoryFile -> map-output of size: 129830, inMemoryMapOutputs.size() -> 1, commitMemory -> 0, usedMemory ->129830
2017-06-07 11:33:09,423 INFO org.apache.hadoop.mapreduce.task.reduce.LocalFetcher: localfetcher#1 about to shuffle output of map attempt_local993724521_0001_m_000000_0 decomp: 143490 len: 143494 to MEMORY
2017-06-07 11:33:09,427 INFO org.apache.hadoop.mapreduce.task.reduce.InMemoryMapOutput: Read 143490 bytes from map-output for attempt_local993724521_0001_m_000000_0
2017-06-07 11:33:09,427 INFO org.apache.hadoop.mapreduce.task.reduce.MergeManagerImpl: closeInMemoryFile -> map-output of size: 143490, inMemoryMapOutputs.size() -> 2, commitMemory -> 129830, usedMemory ->273320
2017-06-07 11:33:09,428 INFO org.apache.hadoop.mapreduce.task.reduce.EventFetcher: EventFetcher is interrupted.. Returning
2017-06-07 11:33:09,429 INFO org.apache.hadoop.mapred.LocalJobRunner: 2 / 2 copied.
2017-06-07 11:33:09,429 INFO org.apache.hadoop.mapreduce.task.reduce.MergeManagerImpl: finalMerge called with 2 in-memory map-outputs and 0 on-disk map-outputs
2017-06-07 11:33:09,444 INFO org.apache.hadoop.mapred.Merger: Merging 2 sorted segments
2017-06-07 11:33:09,445 INFO org.apache.hadoop.mapred.Merger: Down to the last merge-pass, with 2 segments left of total size: 273312 bytes
2017-06-07 11:33:09,570 INFO org.apache.hadoop.mapreduce.task.reduce.MergeManagerImpl: Merged 2 segments, 273320 bytes to disk to satisfy reduce memory limit
2017-06-07 11:33:09,571 INFO org.apache.hadoop.mapreduce.task.reduce.MergeManagerImpl: Merging 1 files, 273322 bytes from disk
2017-06-07 11:33:09,573 INFO org.apache.hadoop.mapreduce.task.reduce.MergeManagerImpl: Merging 0 segments, 0 bytes from memory into reduce
2017-06-07 11:33:09,573 INFO org.apache.hadoop.mapred.Merger: Merging 1 sorted segments
2017-06-07 11:33:09,574 INFO org.apache.hadoop.mapred.Merger: Down to the last merge-pass, with 1 segments left of total size: 273314 bytes
2017-06-07 11:33:09,575 INFO org.apache.hadoop.mapred.LocalJobRunner: 2 / 2 copied.
2017-06-07 11:33:10,252 INFO org.apache.hadoop.conf.Configuration.deprecation: mapred.skip.on is deprecated. Instead, use mapreduce.job.skiprecords
2017-06-07 11:33:10,272 INFO org.apache.hadoop.mapred.LocalJobRunner: reduce task executor complete.
2017-06-07 11:33:10,280 WARN org.apache.hadoop.mapred.LocalJobRunner: job_local993724521_0001
java.lang.Exception: java.lang.NumberFormatException: For input string: "(1995)"
	at org.apache.hadoop.mapred.LocalJobRunner$Job.runTasks(LocalJobRunner.java:489)
	at org.apache.hadoop.mapred.LocalJobRunner$Job.run(LocalJobRunner.java:556)
Caused by: java.lang.NumberFormatException: For input string: "(1995)"
	at sun.misc.FloatingDecimal.readJavaFormatString(FloatingDecimal.java:1250)
	at java.lang.Float.parseFloat(Float.java:452)
	at countMovieNameAvg.CountMovieNameAvgReducer.reduce(CountMovieNameAvgReducer.java:34)
	at countMovieNameAvg.CountMovieNameAvgReducer.reduce(CountMovieNameAvgReducer.java:1)
	at org.apache.hadoop.mapreduce.Reducer.run(Reducer.java:171)
	at org.apache.hadoop.mapred.ReduceTask.runNewReducer(ReduceTask.java:627)
	at org.apache.hadoop.mapred.ReduceTask.run(ReduceTask.java:389)
	at org.apache.hadoop.mapred.LocalJobRunner$Job$ReduceTaskRunnable.run(LocalJobRunner.java:346)
	at java.util.concurrent.Executors$RunnableAdapter.call(Executors.java:471)
	at java.util.concurrent.FutureTask.run(FutureTask.java:262)
	at java.util.concurrent.ThreadPoolExecutor.runWorker(ThreadPoolExecutor.java:1145)
	at java.util.concurrent.ThreadPoolExecutor$Worker.run(ThreadPoolExecutor.java:615)
	at java.lang.Thread.run(Thread.java:745)
2017-06-07 11:33:10,927 INFO org.apache.hadoop.mapreduce.Job: Job job_local993724521_0001 failed with state FAILED due to: NA
2017-06-07 11:33:10,953 INFO org.apache.hadoop.mapreduce.Job: Counters: 35
	File System Counters
		FILE: Number of bytes read=1871
		FILE: Number of bytes written=991132
		FILE: Number of read operations=0
		FILE: Number of large read operations=0
		FILE: Number of write operations=0
		HDFS: Number of bytes read=413148
		HDFS: Number of bytes written=0
		HDFS: Number of read operations=16
		HDFS: Number of large read operations=0
		HDFS: Number of write operations=4
	Map-Reduce Framework
		Map input records=7589
		Map output records=7589
		Map output bytes=258138
		Map output materialized bytes=273328
		Input split bytes=550
		Combine input records=0
		Combine output records=0
		Reduce input groups=0
		Reduce shuffle bytes=273328
		Reduce input records=0
		Reduce output records=0
		Spilled Records=7589
		Shuffled Maps =2
		Failed Shuffles=0
		Merged Map outputs=2
		GC time elapsed (ms)=0
		Total committed heap usage (bytes)=510132224
	Shuffle Errors
		BAD_ID=0
		CONNECTION=0
		IO_ERROR=0
		WRONG_LENGTH=0
		WRONG_MAP=0
		WRONG_REDUCE=0
	File Input Format Counters 
		Bytes Read=0
	File Output Format Counters 
		Bytes Written=0
2017-06-07 11:34:22,322 WARN org.apache.hadoop.util.NativeCodeLoader: Unable to load native-hadoop library for your platform... using builtin-java classes where applicable
2017-06-07 11:34:24,790 INFO org.apache.hadoop.conf.Configuration.deprecation: session.id is deprecated. Instead, use dfs.metrics.session-id
2017-06-07 11:34:24,792 INFO org.apache.hadoop.metrics.jvm.JvmMetrics: Initializing JVM Metrics with processName=JobTracker, sessionId=
2017-06-07 11:34:25,394 WARN org.apache.hadoop.mapreduce.JobResourceUploader: Hadoop command-line option parsing not performed. Implement the Tool interface and execute your application with ToolRunner to remedy this.
2017-06-07 11:34:25,403 WARN org.apache.hadoop.mapreduce.JobResourceUploader: No job jar file set.  User classes may not be found. See Job or Job#setJar(String).
2017-06-07 11:34:25,473 INFO org.apache.hadoop.mapreduce.lib.input.FileInputFormat: Total input paths to process : 1
2017-06-07 11:34:25,576 INFO org.apache.hadoop.mapreduce.lib.input.FileInputFormat: Total input paths to process : 1
2017-06-07 11:34:25,641 INFO org.apache.hadoop.mapreduce.JobSubmitter: number of splits:2
2017-06-07 11:34:26,021 INFO org.apache.hadoop.mapreduce.JobSubmitter: Submitting tokens for job: job_local1052611483_0001
2017-06-07 11:34:26,557 INFO org.apache.hadoop.mapreduce.Job: The url to track the job: http://localhost:8080/
2017-06-07 11:34:26,558 INFO org.apache.hadoop.mapreduce.Job: Running job: job_local1052611483_0001
2017-06-07 11:34:26,563 INFO org.apache.hadoop.mapred.LocalJobRunner: OutputCommitter set in config null
2017-06-07 11:34:26,570 INFO org.apache.hadoop.mapreduce.lib.output.FileOutputCommitter: File Output Committer Algorithm version is 1
2017-06-07 11:34:26,571 INFO org.apache.hadoop.mapred.LocalJobRunner: OutputCommitter is org.apache.hadoop.mapreduce.lib.output.FileOutputCommitter
2017-06-07 11:34:26,680 INFO org.apache.hadoop.mapred.LocalJobRunner: Waiting for map tasks
2017-06-07 11:34:26,682 INFO org.apache.hadoop.mapred.LocalJobRunner: Starting task: attempt_local1052611483_0001_m_000000_0
2017-06-07 11:34:26,755 INFO org.apache.hadoop.mapreduce.lib.output.FileOutputCommitter: File Output Committer Algorithm version is 1
2017-06-07 11:34:26,781 INFO org.apache.hadoop.mapred.Task:  Using ResourceCalculatorProcessTree : [ ]
2017-06-07 11:34:26,791 INFO org.apache.hadoop.mapred.MapTask: Processing split: hdfs://quickstart.cloudera:8020/user/data/ml-1m/movies.dat:0+171308
2017-06-07 11:34:26,876 INFO org.apache.hadoop.mapred.MapTask: (EQUATOR) 0 kvi 26214396(104857584)
2017-06-07 11:34:26,877 INFO org.apache.hadoop.mapred.MapTask: mapreduce.task.io.sort.mb: 100
2017-06-07 11:34:26,877 INFO org.apache.hadoop.mapred.MapTask: soft limit at 83886080
2017-06-07 11:34:26,877 INFO org.apache.hadoop.mapred.MapTask: bufstart = 0; bufvoid = 104857600
2017-06-07 11:34:26,878 INFO org.apache.hadoop.mapred.MapTask: kvstart = 26214396; length = 6553600
2017-06-07 11:34:26,882 INFO org.apache.hadoop.mapred.MapTask: Map output collector class = org.apache.hadoop.mapred.MapTask$MapOutputBuffer
2017-06-07 11:34:27,340 INFO org.apache.hadoop.mapred.LocalJobRunner: 
2017-06-07 11:34:27,344 INFO org.apache.hadoop.mapred.MapTask: Starting flush of map output
2017-06-07 11:34:27,344 INFO org.apache.hadoop.mapred.MapTask: Spilling map output
2017-06-07 11:34:27,344 INFO org.apache.hadoop.mapred.MapTask: bufstart = 0; bufend = 135722; bufvoid = 104857600
2017-06-07 11:34:27,344 INFO org.apache.hadoop.mapred.MapTask: kvstart = 26214396(104857584); kvend = 26198868(104795472); length = 15529/6553600
2017-06-07 11:34:27,560 INFO org.apache.hadoop.mapreduce.Job: Job job_local1052611483_0001 running in uber mode : false
2017-06-07 11:34:27,563 INFO org.apache.hadoop.mapreduce.Job:  map 0% reduce 0%
2017-06-07 11:34:27,639 INFO org.apache.hadoop.mapred.MapTask: Finished spill 0
2017-06-07 11:34:27,647 INFO org.apache.hadoop.mapred.Task: Task:attempt_local1052611483_0001_m_000000_0 is done. And is in the process of committing
2017-06-07 11:34:27,660 INFO org.apache.hadoop.mapred.LocalJobRunner: map
2017-06-07 11:34:27,661 INFO org.apache.hadoop.mapred.Task: Task 'attempt_local1052611483_0001_m_000000_0' done.
2017-06-07 11:34:27,661 INFO org.apache.hadoop.mapred.LocalJobRunner: Finishing task: attempt_local1052611483_0001_m_000000_0
2017-06-07 11:34:27,661 INFO org.apache.hadoop.mapred.LocalJobRunner: Starting task: attempt_local1052611483_0001_m_000001_0
2017-06-07 11:34:27,663 INFO org.apache.hadoop.mapreduce.lib.output.FileOutputCommitter: File Output Committer Algorithm version is 1
2017-06-07 11:34:27,664 INFO org.apache.hadoop.mapred.Task:  Using ResourceCalculatorProcessTree : [ ]
2017-06-07 11:34:27,665 INFO org.apache.hadoop.mapred.MapTask: Processing split: hdfs://quickstart.cloudera:8020/user/output/avg_rating40/part-r-00000:0+70532
2017-06-07 11:34:27,900 INFO org.apache.hadoop.mapred.MapTask: (EQUATOR) 0 kvi 26214396(104857584)
2017-06-07 11:34:27,901 INFO org.apache.hadoop.mapred.MapTask: mapreduce.task.io.sort.mb: 100
2017-06-07 11:34:27,901 INFO org.apache.hadoop.mapred.MapTask: soft limit at 83886080
2017-06-07 11:34:27,901 INFO org.apache.hadoop.mapred.MapTask: bufstart = 0; bufvoid = 104857600
2017-06-07 11:34:27,902 INFO org.apache.hadoop.mapred.MapTask: kvstart = 26214396; length = 6553600
2017-06-07 11:34:27,912 INFO org.apache.hadoop.mapred.MapTask: Map output collector class = org.apache.hadoop.mapred.MapTask$MapOutputBuffer
2017-06-07 11:34:28,034 INFO org.apache.hadoop.mapred.LocalJobRunner: 
2017-06-07 11:34:28,037 INFO org.apache.hadoop.mapred.MapTask: Starting flush of map output
2017-06-07 11:34:28,038 INFO org.apache.hadoop.mapred.MapTask: Spilling map output
2017-06-07 11:34:28,038 INFO org.apache.hadoop.mapred.MapTask: bufstart = 0; bufend = 122416; bufvoid = 104857600
2017-06-07 11:34:28,038 INFO org.apache.hadoop.mapred.MapTask: kvstart = 26214396(104857584); kvend = 26199576(104798304); length = 14821/6553600
2017-06-07 11:34:28,057 INFO org.apache.hadoop.mapred.MapTask: Finished spill 0
2017-06-07 11:34:28,059 INFO org.apache.hadoop.mapred.Task: Task:attempt_local1052611483_0001_m_000001_0 is done. And is in the process of committing
2017-06-07 11:34:28,063 INFO org.apache.hadoop.mapred.LocalJobRunner: map
2017-06-07 11:34:28,063 INFO org.apache.hadoop.mapred.Task: Task 'attempt_local1052611483_0001_m_000001_0' done.
2017-06-07 11:34:28,063 INFO org.apache.hadoop.mapred.LocalJobRunner: Finishing task: attempt_local1052611483_0001_m_000001_0
2017-06-07 11:34:28,063 INFO org.apache.hadoop.mapred.LocalJobRunner: map task executor complete.
2017-06-07 11:34:28,068 INFO org.apache.hadoop.mapred.LocalJobRunner: Waiting for reduce tasks
2017-06-07 11:34:28,069 INFO org.apache.hadoop.mapred.LocalJobRunner: Starting task: attempt_local1052611483_0001_r_000000_0
2017-06-07 11:34:28,083 INFO org.apache.hadoop.mapreduce.lib.output.FileOutputCommitter: File Output Committer Algorithm version is 1
2017-06-07 11:34:28,084 INFO org.apache.hadoop.mapred.Task:  Using ResourceCalculatorProcessTree : [ ]
2017-06-07 11:34:28,090 INFO org.apache.hadoop.mapred.ReduceTask: Using ShuffleConsumerPlugin: org.apache.hadoop.mapreduce.task.reduce.Shuffle@4cbfe8c3
2017-06-07 11:34:28,141 INFO org.apache.hadoop.mapreduce.task.reduce.MergeManagerImpl: MergerManager: memoryLimit=790888448, maxSingleShuffleLimit=197722112, mergeThreshold=521986400, ioSortFactor=10, memToMemMergeOutputsThreshold=10
2017-06-07 11:34:28,156 INFO org.apache.hadoop.mapreduce.task.reduce.EventFetcher: attempt_local1052611483_0001_r_000000_0 Thread started: EventFetcher for fetching Map Completion Events
2017-06-07 11:34:28,343 INFO org.apache.hadoop.mapreduce.task.reduce.LocalFetcher: localfetcher#1 about to shuffle output of map attempt_local1052611483_0001_m_000000_0 decomp: 143490 len: 143494 to MEMORY
2017-06-07 11:34:28,366 INFO org.apache.hadoop.mapreduce.task.reduce.InMemoryMapOutput: Read 143490 bytes from map-output for attempt_local1052611483_0001_m_000000_0
2017-06-07 11:34:28,369 INFO org.apache.hadoop.mapreduce.task.reduce.MergeManagerImpl: closeInMemoryFile -> map-output of size: 143490, inMemoryMapOutputs.size() -> 1, commitMemory -> 0, usedMemory ->143490
2017-06-07 11:34:28,373 INFO org.apache.hadoop.mapreduce.task.reduce.LocalFetcher: localfetcher#1 about to shuffle output of map attempt_local1052611483_0001_m_000001_0 decomp: 129830 len: 129834 to MEMORY
2017-06-07 11:34:28,374 INFO org.apache.hadoop.mapreduce.task.reduce.InMemoryMapOutput: Read 129830 bytes from map-output for attempt_local1052611483_0001_m_000001_0
2017-06-07 11:34:28,374 INFO org.apache.hadoop.mapreduce.task.reduce.MergeManagerImpl: closeInMemoryFile -> map-output of size: 129830, inMemoryMapOutputs.size() -> 2, commitMemory -> 143490, usedMemory ->273320
2017-06-07 11:34:28,374 INFO org.apache.hadoop.mapreduce.task.reduce.EventFetcher: EventFetcher is interrupted.. Returning
2017-06-07 11:34:28,375 INFO org.apache.hadoop.mapred.LocalJobRunner: 2 / 2 copied.
2017-06-07 11:34:28,376 INFO org.apache.hadoop.mapreduce.task.reduce.MergeManagerImpl: finalMerge called with 2 in-memory map-outputs and 0 on-disk map-outputs
2017-06-07 11:34:28,386 INFO org.apache.hadoop.mapred.Merger: Merging 2 sorted segments
2017-06-07 11:34:28,387 INFO org.apache.hadoop.mapred.Merger: Down to the last merge-pass, with 2 segments left of total size: 273312 bytes
2017-06-07 11:34:28,473 INFO org.apache.hadoop.mapreduce.task.reduce.MergeManagerImpl: Merged 2 segments, 273320 bytes to disk to satisfy reduce memory limit
2017-06-07 11:34:28,480 INFO org.apache.hadoop.mapreduce.task.reduce.MergeManagerImpl: Merging 1 files, 273322 bytes from disk
2017-06-07 11:34:28,481 INFO org.apache.hadoop.mapreduce.task.reduce.MergeManagerImpl: Merging 0 segments, 0 bytes from memory into reduce
2017-06-07 11:34:28,482 INFO org.apache.hadoop.mapred.Merger: Merging 1 sorted segments
2017-06-07 11:34:28,483 INFO org.apache.hadoop.mapred.Merger: Down to the last merge-pass, with 1 segments left of total size: 273314 bytes
2017-06-07 11:34:28,485 INFO org.apache.hadoop.mapred.LocalJobRunner: 2 / 2 copied.
2017-06-07 11:34:28,566 INFO org.apache.hadoop.mapreduce.Job:  map 100% reduce 0%
2017-06-07 11:34:28,596 INFO org.apache.hadoop.conf.Configuration.deprecation: mapred.skip.on is deprecated. Instead, use mapreduce.job.skiprecords
2017-06-07 11:34:28,786 INFO org.apache.hadoop.mapred.LocalJobRunner: reduce task executor complete.
2017-06-07 11:34:28,797 WARN org.apache.hadoop.mapred.LocalJobRunner: job_local1052611483_0001
java.lang.Exception: java.lang.NumberFormatException: empty String
	at org.apache.hadoop.mapred.LocalJobRunner$Job.runTasks(LocalJobRunner.java:489)
	at org.apache.hadoop.mapred.LocalJobRunner$Job.run(LocalJobRunner.java:556)
Caused by: java.lang.NumberFormatException: empty String
	at sun.misc.FloatingDecimal.readJavaFormatString(FloatingDecimal.java:1020)
	at java.lang.Float.parseFloat(Float.java:452)
	at countMovieNameAvg.CountMovieNameAvgReducer.reduce(CountMovieNameAvgReducer.java:34)
	at countMovieNameAvg.CountMovieNameAvgReducer.reduce(CountMovieNameAvgReducer.java:1)
	at org.apache.hadoop.mapreduce.Reducer.run(Reducer.java:171)
	at org.apache.hadoop.mapred.ReduceTask.runNewReducer(ReduceTask.java:627)
	at org.apache.hadoop.mapred.ReduceTask.run(ReduceTask.java:389)
	at org.apache.hadoop.mapred.LocalJobRunner$Job$ReduceTaskRunnable.run(LocalJobRunner.java:346)
	at java.util.concurrent.Executors$RunnableAdapter.call(Executors.java:471)
	at java.util.concurrent.FutureTask.run(FutureTask.java:262)
	at java.util.concurrent.ThreadPoolExecutor.runWorker(ThreadPoolExecutor.java:1145)
	at java.util.concurrent.ThreadPoolExecutor$Worker.run(ThreadPoolExecutor.java:615)
	at java.lang.Thread.run(Thread.java:745)
2017-06-07 11:34:29,568 INFO org.apache.hadoop.mapreduce.Job: Job job_local1052611483_0001 failed with state FAILED due to: NA
2017-06-07 11:34:29,583 INFO org.apache.hadoop.mapreduce.Job: Counters: 35
	File System Counters
		FILE: Number of bytes read=1871
		FILE: Number of bytes written=994176
		FILE: Number of read operations=0
		FILE: Number of large read operations=0
		FILE: Number of write operations=0
		HDFS: Number of bytes read=413148
		HDFS: Number of bytes written=0
		HDFS: Number of read operations=16
		HDFS: Number of large read operations=0
		HDFS: Number of write operations=4
	Map-Reduce Framework
		Map input records=7589
		Map output records=7589
		Map output bytes=258138
		Map output materialized bytes=273328
		Input split bytes=550
		Combine input records=0
		Combine output records=0
		Reduce input groups=0
		Reduce shuffle bytes=273328
		Reduce input records=0
		Reduce output records=0
		Spilled Records=7589
		Shuffled Maps =2
		Failed Shuffles=0
		Merged Map outputs=2
		GC time elapsed (ms)=0
		Total committed heap usage (bytes)=510132224
	Shuffle Errors
		BAD_ID=0
		CONNECTION=0
		IO_ERROR=0
		WRONG_LENGTH=0
		WRONG_MAP=0
		WRONG_REDUCE=0
	File Input Format Counters 
		Bytes Read=0
	File Output Format Counters 
		Bytes Written=0
2017-06-07 11:43:45,757 WARN org.apache.hadoop.util.NativeCodeLoader: Unable to load native-hadoop library for your platform... using builtin-java classes where applicable
2017-06-07 11:43:48,804 INFO org.apache.hadoop.conf.Configuration.deprecation: session.id is deprecated. Instead, use dfs.metrics.session-id
2017-06-07 11:43:48,806 INFO org.apache.hadoop.metrics.jvm.JvmMetrics: Initializing JVM Metrics with processName=JobTracker, sessionId=
2017-06-07 11:43:49,337 WARN org.apache.hadoop.mapreduce.JobResourceUploader: Hadoop command-line option parsing not performed. Implement the Tool interface and execute your application with ToolRunner to remedy this.
2017-06-07 11:43:49,354 WARN org.apache.hadoop.mapreduce.JobResourceUploader: No job jar file set.  User classes may not be found. See Job or Job#setJar(String).
2017-06-07 11:43:49,459 INFO org.apache.hadoop.mapreduce.lib.input.FileInputFormat: Total input paths to process : 1
2017-06-07 11:43:49,613 INFO org.apache.hadoop.mapreduce.JobSubmitter: number of splits:1
2017-06-07 11:43:49,983 INFO org.apache.hadoop.mapreduce.JobSubmitter: Submitting tokens for job: job_local2054359945_0001
2017-06-07 11:43:50,499 INFO org.apache.hadoop.mapreduce.Job: The url to track the job: http://localhost:8080/
2017-06-07 11:43:50,500 INFO org.apache.hadoop.mapreduce.Job: Running job: job_local2054359945_0001
2017-06-07 11:43:50,508 INFO org.apache.hadoop.mapred.LocalJobRunner: OutputCommitter set in config null
2017-06-07 11:43:50,515 INFO org.apache.hadoop.mapreduce.lib.output.FileOutputCommitter: File Output Committer Algorithm version is 1
2017-06-07 11:43:50,516 INFO org.apache.hadoop.mapred.LocalJobRunner: OutputCommitter is org.apache.hadoop.mapreduce.lib.output.FileOutputCommitter
2017-06-07 11:43:50,652 INFO org.apache.hadoop.mapred.LocalJobRunner: Waiting for map tasks
2017-06-07 11:43:50,653 INFO org.apache.hadoop.mapred.LocalJobRunner: Starting task: attempt_local2054359945_0001_m_000000_0
2017-06-07 11:43:50,736 INFO org.apache.hadoop.mapreduce.lib.output.FileOutputCommitter: File Output Committer Algorithm version is 1
2017-06-07 11:43:50,780 INFO org.apache.hadoop.mapred.Task:  Using ResourceCalculatorProcessTree : [ ]
2017-06-07 11:43:50,784 INFO org.apache.hadoop.mapred.MapTask: Processing split: hdfs://quickstart.cloudera:8020/user/data/ml-1m/ratings.dat:0+24594131
2017-06-07 11:43:50,946 INFO org.apache.hadoop.mapred.MapTask: (EQUATOR) 0 kvi 26214396(104857584)
2017-06-07 11:43:50,946 INFO org.apache.hadoop.mapred.MapTask: mapreduce.task.io.sort.mb: 100
2017-06-07 11:43:50,946 INFO org.apache.hadoop.mapred.MapTask: soft limit at 83886080
2017-06-07 11:43:50,946 INFO org.apache.hadoop.mapred.MapTask: bufstart = 0; bufvoid = 104857600
2017-06-07 11:43:50,946 INFO org.apache.hadoop.mapred.MapTask: kvstart = 26214396; length = 6553600
2017-06-07 11:43:50,966 INFO org.apache.hadoop.mapred.MapTask: Map output collector class = org.apache.hadoop.mapred.MapTask$MapOutputBuffer
2017-06-07 11:43:51,503 INFO org.apache.hadoop.mapreduce.Job: Job job_local2054359945_0001 running in uber mode : false
2017-06-07 11:43:51,511 INFO org.apache.hadoop.mapreduce.Job:  map 0% reduce 0%
2017-06-07 11:44:01,288 INFO org.apache.hadoop.mapred.LocalJobRunner: 
2017-06-07 11:44:01,318 INFO org.apache.hadoop.mapred.MapTask: Starting flush of map output
2017-06-07 11:44:01,318 INFO org.apache.hadoop.mapred.MapTask: Spilling map output
2017-06-07 11:44:01,318 INFO org.apache.hadoop.mapred.MapTask: bufstart = 0; bufend = 8721621; bufvoid = 104857600
2017-06-07 11:44:01,318 INFO org.apache.hadoop.mapred.MapTask: kvstart = 26214396(104857584); kvend = 22213564(88854256); length = 4000833/6553600
2017-06-07 11:44:02,873 INFO org.apache.hadoop.mapred.LocalJobRunner: map > sort
2017-06-07 11:44:03,626 INFO org.apache.hadoop.mapreduce.Job:  map 67% reduce 0%
2017-06-07 11:44:03,699 INFO org.apache.hadoop.mapred.MapTask: Finished spill 0
2017-06-07 11:44:03,716 INFO org.apache.hadoop.mapred.Task: Task:attempt_local2054359945_0001_m_000000_0 is done. And is in the process of committing
2017-06-07 11:44:03,749 INFO org.apache.hadoop.mapred.LocalJobRunner: map
2017-06-07 11:44:03,749 INFO org.apache.hadoop.mapred.Task: Task 'attempt_local2054359945_0001_m_000000_0' done.
2017-06-07 11:44:03,749 INFO org.apache.hadoop.mapred.LocalJobRunner: Finishing task: attempt_local2054359945_0001_m_000000_0
2017-06-07 11:44:03,750 INFO org.apache.hadoop.mapred.LocalJobRunner: map task executor complete.
2017-06-07 11:44:03,759 INFO org.apache.hadoop.mapred.LocalJobRunner: Waiting for reduce tasks
2017-06-07 11:44:03,759 INFO org.apache.hadoop.mapred.LocalJobRunner: Starting task: attempt_local2054359945_0001_r_000000_0
2017-06-07 11:44:03,774 INFO org.apache.hadoop.mapreduce.lib.output.FileOutputCommitter: File Output Committer Algorithm version is 1
2017-06-07 11:44:03,777 INFO org.apache.hadoop.mapred.Task:  Using ResourceCalculatorProcessTree : [ ]
2017-06-07 11:44:03,811 INFO org.apache.hadoop.mapred.ReduceTask: Using ShuffleConsumerPlugin: org.apache.hadoop.mapreduce.task.reduce.Shuffle@1f66adb9
2017-06-07 11:44:03,841 INFO org.apache.hadoop.mapreduce.task.reduce.MergeManagerImpl: MergerManager: memoryLimit=790888448, maxSingleShuffleLimit=197722112, mergeThreshold=521986400, ioSortFactor=10, memToMemMergeOutputsThreshold=10
2017-06-07 11:44:03,873 INFO org.apache.hadoop.mapreduce.task.reduce.EventFetcher: attempt_local2054359945_0001_r_000000_0 Thread started: EventFetcher for fetching Map Completion Events
2017-06-07 11:44:03,940 INFO org.apache.hadoop.mapreduce.task.reduce.LocalFetcher: localfetcher#1 about to shuffle output of map attempt_local2054359945_0001_m_000000_0 decomp: 10722041 len: 10722045 to MEMORY
2017-06-07 11:44:04,088 INFO org.apache.hadoop.mapreduce.task.reduce.InMemoryMapOutput: Read 10722041 bytes from map-output for attempt_local2054359945_0001_m_000000_0
2017-06-07 11:44:04,092 INFO org.apache.hadoop.mapreduce.task.reduce.MergeManagerImpl: closeInMemoryFile -> map-output of size: 10722041, inMemoryMapOutputs.size() -> 1, commitMemory -> 0, usedMemory ->10722041
2017-06-07 11:44:04,113 INFO org.apache.hadoop.mapreduce.task.reduce.EventFetcher: EventFetcher is interrupted.. Returning
2017-06-07 11:44:04,115 INFO org.apache.hadoop.mapred.LocalJobRunner: 1 / 1 copied.
2017-06-07 11:44:04,115 INFO org.apache.hadoop.mapreduce.task.reduce.MergeManagerImpl: finalMerge called with 1 in-memory map-outputs and 0 on-disk map-outputs
2017-06-07 11:44:04,454 INFO org.apache.hadoop.mapred.Merger: Merging 1 sorted segments
2017-06-07 11:44:04,456 INFO org.apache.hadoop.mapred.Merger: Down to the last merge-pass, with 1 segments left of total size: 10722037 bytes
2017-06-07 11:44:04,627 INFO org.apache.hadoop.mapreduce.Job:  map 100% reduce 0%
2017-06-07 11:44:05,481 INFO org.apache.hadoop.mapreduce.task.reduce.MergeManagerImpl: Merged 1 segments, 10722041 bytes to disk to satisfy reduce memory limit
2017-06-07 11:44:05,481 INFO org.apache.hadoop.mapreduce.task.reduce.MergeManagerImpl: Merging 1 files, 10722045 bytes from disk
2017-06-07 11:44:05,485 INFO org.apache.hadoop.mapreduce.task.reduce.MergeManagerImpl: Merging 0 segments, 0 bytes from memory into reduce
2017-06-07 11:44:05,486 INFO org.apache.hadoop.mapred.Merger: Merging 1 sorted segments
2017-06-07 11:44:05,487 INFO org.apache.hadoop.mapred.Merger: Down to the last merge-pass, with 1 segments left of total size: 10722037 bytes
2017-06-07 11:44:05,487 INFO org.apache.hadoop.mapred.LocalJobRunner: 1 / 1 copied.
2017-06-07 11:44:05,581 INFO org.apache.hadoop.conf.Configuration.deprecation: mapred.skip.on is deprecated. Instead, use mapreduce.job.skiprecords
2017-06-07 11:44:07,673 INFO org.apache.hadoop.mapred.Task: Task:attempt_local2054359945_0001_r_000000_0 is done. And is in the process of committing
2017-06-07 11:44:07,690 INFO org.apache.hadoop.mapred.LocalJobRunner: 1 / 1 copied.
2017-06-07 11:44:07,691 INFO org.apache.hadoop.mapred.Task: Task attempt_local2054359945_0001_r_000000_0 is allowed to commit now
2017-06-07 11:44:07,706 INFO org.apache.hadoop.mapreduce.lib.output.FileOutputCommitter: Saved output of task 'attempt_local2054359945_0001_r_000000_0' to hdfs://quickstart.cloudera:8020/user/output/avg_rating40/_temporary/0/task_local2054359945_0001_r_000000
2017-06-07 11:44:07,707 INFO org.apache.hadoop.mapred.LocalJobRunner: reduce > reduce
2017-06-07 11:44:07,707 INFO org.apache.hadoop.mapred.Task: Task 'attempt_local2054359945_0001_r_000000_0' done.
2017-06-07 11:44:07,707 INFO org.apache.hadoop.mapred.LocalJobRunner: Finishing task: attempt_local2054359945_0001_r_000000_0
2017-06-07 11:44:07,707 INFO org.apache.hadoop.mapred.LocalJobRunner: reduce task executor complete.
2017-06-07 11:44:08,633 INFO org.apache.hadoop.mapreduce.Job:  map 100% reduce 100%
2017-06-07 11:44:08,633 INFO org.apache.hadoop.mapreduce.Job: Job job_local2054359945_0001 completed successfully
2017-06-07 11:44:08,661 INFO org.apache.hadoop.mapreduce.Job: Counters: 35
	File System Counters
		FILE: Number of bytes read=21444506
		FILE: Number of bytes written=32743395
		FILE: Number of read operations=0
		FILE: Number of large read operations=0
		FILE: Number of write operations=0
		HDFS: Number of bytes read=49188262
		HDFS: Number of bytes written=53215
		HDFS: Number of read operations=13
		HDFS: Number of large read operations=0
		HDFS: Number of write operations=6
	Map-Reduce Framework
		Map input records=1000209
		Map output records=1000209
		Map output bytes=8721621
		Map output materialized bytes=10722045
		Input split bytes=124
		Combine input records=0
		Combine output records=0
		Reduce input groups=3706
		Reduce shuffle bytes=10722045
		Reduce input records=1000209
		Reduce output records=2653
		Spilled Records=2000418
		Shuffled Maps =1
		Failed Shuffles=0
		Merged Map outputs=1
		GC time elapsed (ms)=407
		Total committed heap usage (bytes)=1144520704
	Shuffle Errors
		BAD_ID=0
		CONNECTION=0
		IO_ERROR=0
		WRONG_LENGTH=0
		WRONG_MAP=0
		WRONG_REDUCE=0
	File Input Format Counters 
		Bytes Read=24594131
	File Output Format Counters 
		Bytes Written=53215
2017-06-07 11:58:10,588 WARN org.apache.hadoop.util.NativeCodeLoader: Unable to load native-hadoop library for your platform... using builtin-java classes where applicable
2017-06-07 11:58:13,254 INFO org.apache.hadoop.conf.Configuration.deprecation: session.id is deprecated. Instead, use dfs.metrics.session-id
2017-06-07 11:58:13,257 INFO org.apache.hadoop.metrics.jvm.JvmMetrics: Initializing JVM Metrics with processName=JobTracker, sessionId=
2017-06-07 11:58:13,868 WARN org.apache.hadoop.mapreduce.JobResourceUploader: Hadoop command-line option parsing not performed. Implement the Tool interface and execute your application with ToolRunner to remedy this.
2017-06-07 11:58:13,880 WARN org.apache.hadoop.mapreduce.JobResourceUploader: No job jar file set.  User classes may not be found. See Job or Job#setJar(String).
2017-06-07 11:58:13,940 INFO org.apache.hadoop.mapreduce.lib.input.FileInputFormat: Total input paths to process : 1
2017-06-07 11:58:14,084 INFO org.apache.hadoop.mapreduce.JobSubmitter: number of splits:1
2017-06-07 11:58:14,462 INFO org.apache.hadoop.mapreduce.JobSubmitter: Submitting tokens for job: job_local181755751_0001
2017-06-07 11:58:14,949 INFO org.apache.hadoop.mapreduce.Job: The url to track the job: http://localhost:8080/
2017-06-07 11:58:14,950 INFO org.apache.hadoop.mapreduce.Job: Running job: job_local181755751_0001
2017-06-07 11:58:14,968 INFO org.apache.hadoop.mapred.LocalJobRunner: OutputCommitter set in config null
2017-06-07 11:58:14,990 INFO org.apache.hadoop.mapreduce.lib.output.FileOutputCommitter: File Output Committer Algorithm version is 1
2017-06-07 11:58:14,998 INFO org.apache.hadoop.mapred.LocalJobRunner: OutputCommitter is org.apache.hadoop.mapreduce.lib.output.FileOutputCommitter
2017-06-07 11:58:15,100 INFO org.apache.hadoop.mapred.LocalJobRunner: Waiting for map tasks
2017-06-07 11:58:15,101 INFO org.apache.hadoop.mapred.LocalJobRunner: Starting task: attempt_local181755751_0001_m_000000_0
2017-06-07 11:58:15,195 INFO org.apache.hadoop.mapreduce.lib.output.FileOutputCommitter: File Output Committer Algorithm version is 1
2017-06-07 11:58:15,254 INFO org.apache.hadoop.mapred.Task:  Using ResourceCalculatorProcessTree : [ ]
2017-06-07 11:58:15,262 INFO org.apache.hadoop.mapred.MapTask: Processing split: hdfs://quickstart.cloudera:8020/user/output/avg_rating40/part-r-00000:0+53215
2017-06-07 11:58:15,349 INFO org.apache.hadoop.mapred.MapTask: (EQUATOR) 0 kvi 26214396(104857584)
2017-06-07 11:58:15,349 INFO org.apache.hadoop.mapred.MapTask: mapreduce.task.io.sort.mb: 100
2017-06-07 11:58:15,349 INFO org.apache.hadoop.mapred.MapTask: soft limit at 83886080
2017-06-07 11:58:15,350 INFO org.apache.hadoop.mapred.MapTask: bufstart = 0; bufvoid = 104857600
2017-06-07 11:58:15,350 INFO org.apache.hadoop.mapred.MapTask: kvstart = 26214396; length = 6553600
2017-06-07 11:58:15,358 INFO org.apache.hadoop.mapred.MapTask: Map output collector class = org.apache.hadoop.mapred.MapTask$MapOutputBuffer
2017-06-07 11:58:15,663 INFO org.apache.hadoop.mapred.LocalJobRunner: 
2017-06-07 11:58:15,668 INFO org.apache.hadoop.mapred.MapTask: Starting flush of map output
2017-06-07 11:58:15,668 INFO org.apache.hadoop.mapred.MapTask: Spilling map output
2017-06-07 11:58:15,668 INFO org.apache.hadoop.mapred.MapTask: bufstart = 0; bufend = 37724; bufvoid = 104857600
2017-06-07 11:58:15,669 INFO org.apache.hadoop.mapred.MapTask: kvstart = 26214396(104857584); kvend = 26203788(104815152); length = 10609/6553600
2017-06-07 11:58:15,799 INFO org.apache.hadoop.mapred.MapTask: Finished spill 0
2017-06-07 11:58:15,812 INFO org.apache.hadoop.mapred.Task: Task:attempt_local181755751_0001_m_000000_0 is done. And is in the process of committing
2017-06-07 11:58:15,837 INFO org.apache.hadoop.mapred.LocalJobRunner: map
2017-06-07 11:58:15,838 INFO org.apache.hadoop.mapred.Task: Task 'attempt_local181755751_0001_m_000000_0' done.
2017-06-07 11:58:15,838 INFO org.apache.hadoop.mapred.LocalJobRunner: Finishing task: attempt_local181755751_0001_m_000000_0
2017-06-07 11:58:15,839 INFO org.apache.hadoop.mapred.LocalJobRunner: map task executor complete.
2017-06-07 11:58:15,872 INFO org.apache.hadoop.mapred.LocalJobRunner: Waiting for reduce tasks
2017-06-07 11:58:15,876 INFO org.apache.hadoop.mapred.LocalJobRunner: Starting task: attempt_local181755751_0001_r_000000_0
2017-06-07 11:58:15,892 INFO org.apache.hadoop.mapreduce.lib.output.FileOutputCommitter: File Output Committer Algorithm version is 1
2017-06-07 11:58:15,893 INFO org.apache.hadoop.mapred.Task:  Using ResourceCalculatorProcessTree : [ ]
2017-06-07 11:58:15,906 INFO org.apache.hadoop.mapred.ReduceTask: Using ShuffleConsumerPlugin: org.apache.hadoop.mapreduce.task.reduce.Shuffle@1a2ef22e
2017-06-07 11:58:15,954 INFO org.apache.hadoop.mapreduce.Job: Job job_local181755751_0001 running in uber mode : false
2017-06-07 11:58:15,966 INFO org.apache.hadoop.mapreduce.Job:  map 100% reduce 0%
2017-06-07 11:58:15,979 INFO org.apache.hadoop.mapreduce.task.reduce.MergeManagerImpl: MergerManager: memoryLimit=790888448, maxSingleShuffleLimit=197722112, mergeThreshold=521986400, ioSortFactor=10, memToMemMergeOutputsThreshold=10
2017-06-07 11:58:15,992 INFO org.apache.hadoop.mapreduce.task.reduce.EventFetcher: attempt_local181755751_0001_r_000000_0 Thread started: EventFetcher for fetching Map Completion Events
2017-06-07 11:58:16,047 INFO org.apache.hadoop.mapreduce.task.reduce.LocalFetcher: localfetcher#1 about to shuffle output of map attempt_local181755751_0001_m_000000_0 decomp: 43032 len: 43036 to MEMORY
2017-06-07 11:58:16,053 INFO org.apache.hadoop.mapreduce.task.reduce.InMemoryMapOutput: Read 43032 bytes from map-output for attempt_local181755751_0001_m_000000_0
2017-06-07 11:58:16,056 INFO org.apache.hadoop.mapreduce.task.reduce.MergeManagerImpl: closeInMemoryFile -> map-output of size: 43032, inMemoryMapOutputs.size() -> 1, commitMemory -> 0, usedMemory ->43032
2017-06-07 11:58:16,058 INFO org.apache.hadoop.mapreduce.task.reduce.EventFetcher: EventFetcher is interrupted.. Returning
2017-06-07 11:58:16,060 INFO org.apache.hadoop.mapred.LocalJobRunner: 1 / 1 copied.
2017-06-07 11:58:16,060 INFO org.apache.hadoop.mapreduce.task.reduce.MergeManagerImpl: finalMerge called with 1 in-memory map-outputs and 0 on-disk map-outputs
2017-06-07 11:58:16,069 INFO org.apache.hadoop.mapred.Merger: Merging 1 sorted segments
2017-06-07 11:58:16,069 INFO org.apache.hadoop.mapred.Merger: Down to the last merge-pass, with 1 segments left of total size: 43028 bytes
2017-06-07 11:58:16,103 INFO org.apache.hadoop.mapreduce.task.reduce.MergeManagerImpl: Merged 1 segments, 43032 bytes to disk to satisfy reduce memory limit
2017-06-07 11:58:16,104 INFO org.apache.hadoop.mapreduce.task.reduce.MergeManagerImpl: Merging 1 files, 43036 bytes from disk
2017-06-07 11:58:16,106 INFO org.apache.hadoop.mapreduce.task.reduce.MergeManagerImpl: Merging 0 segments, 0 bytes from memory into reduce
2017-06-07 11:58:16,106 INFO org.apache.hadoop.mapred.Merger: Merging 1 sorted segments
2017-06-07 11:58:16,107 INFO org.apache.hadoop.mapred.Merger: Down to the last merge-pass, with 1 segments left of total size: 43028 bytes
2017-06-07 11:58:16,107 INFO org.apache.hadoop.mapred.LocalJobRunner: 1 / 1 copied.
2017-06-07 11:58:16,161 INFO org.apache.hadoop.conf.Configuration.deprecation: mapred.skip.on is deprecated. Instead, use mapreduce.job.skiprecords
2017-06-07 11:58:16,568 INFO org.apache.hadoop.mapred.Task: Task:attempt_local181755751_0001_r_000000_0 is done. And is in the process of committing
2017-06-07 11:58:16,573 INFO org.apache.hadoop.mapred.LocalJobRunner: 1 / 1 copied.
2017-06-07 11:58:16,573 INFO org.apache.hadoop.mapred.Task: Task attempt_local181755751_0001_r_000000_0 is allowed to commit now
2017-06-07 11:58:16,585 INFO org.apache.hadoop.mapreduce.lib.output.FileOutputCommitter: Saved output of task 'attempt_local181755751_0001_r_000000_0' to hdfs://quickstart.cloudera:8020/user/output/nameAvgCount/_temporary/0/task_local181755751_0001_r_000000
2017-06-07 11:58:16,586 INFO org.apache.hadoop.mapred.LocalJobRunner: reduce > reduce
2017-06-07 11:58:16,587 INFO org.apache.hadoop.mapred.Task: Task 'attempt_local181755751_0001_r_000000_0' done.
2017-06-07 11:58:16,587 INFO org.apache.hadoop.mapred.LocalJobRunner: Finishing task: attempt_local181755751_0001_r_000000_0
2017-06-07 11:58:16,587 INFO org.apache.hadoop.mapred.LocalJobRunner: reduce task executor complete.
2017-06-07 11:58:16,981 INFO org.apache.hadoop.mapreduce.Job:  map 100% reduce 100%
2017-06-07 11:58:16,982 INFO org.apache.hadoop.mapreduce.Job: Job job_local181755751_0001 completed successfully
2017-06-07 11:58:16,994 INFO org.apache.hadoop.mapreduce.Job: Counters: 35
	File System Counters
		FILE: Number of bytes read=86806
		FILE: Number of bytes written=701950
		FILE: Number of read operations=0
		FILE: Number of large read operations=0
		FILE: Number of write operations=0
		HDFS: Number of bytes read=106430
		HDFS: Number of bytes written=291
		HDFS: Number of read operations=13
		HDFS: Number of large read operations=0
		HDFS: Number of write operations=6
	Map-Reduce Framework
		Map input records=2653
		Map output records=2653
		Map output bytes=37724
		Map output materialized bytes=43036
		Input split bytes=285
		Combine input records=0
		Combine output records=0
		Reduce input groups=2653
		Reduce shuffle bytes=43036
		Reduce input records=2653
		Reduce output records=21
		Spilled Records=5306
		Shuffled Maps =1
		Failed Shuffles=0
		Merged Map outputs=1
		GC time elapsed (ms)=22
		Total committed heap usage (bytes)=449839104
	Shuffle Errors
		BAD_ID=0
		CONNECTION=0
		IO_ERROR=0
		WRONG_LENGTH=0
		WRONG_MAP=0
		WRONG_REDUCE=0
	File Input Format Counters 
		Bytes Read=0
	File Output Format Counters 
		Bytes Written=291
2017-06-07 12:22:27,243 WARN org.apache.hadoop.util.NativeCodeLoader: Unable to load native-hadoop library for your platform... using builtin-java classes where applicable
2017-06-07 12:22:33,080 INFO org.apache.hadoop.conf.Configuration.deprecation: session.id is deprecated. Instead, use dfs.metrics.session-id
2017-06-07 12:22:33,087 INFO org.apache.hadoop.metrics.jvm.JvmMetrics: Initializing JVM Metrics with processName=JobTracker, sessionId=
2017-06-07 12:22:34,217 WARN org.apache.hadoop.mapreduce.JobResourceUploader: Hadoop command-line option parsing not performed. Implement the Tool interface and execute your application with ToolRunner to remedy this.
2017-06-07 12:22:34,237 WARN org.apache.hadoop.mapreduce.JobResourceUploader: No job jar file set.  User classes may not be found. See Job or Job#setJar(String).
2017-06-07 12:22:34,564 INFO org.apache.hadoop.mapreduce.lib.input.FileInputFormat: Total input paths to process : 1
2017-06-07 12:22:35,098 INFO org.apache.hadoop.mapreduce.JobSubmitter: number of splits:1
2017-06-07 12:22:35,968 INFO org.apache.hadoop.mapreduce.JobSubmitter: Submitting tokens for job: job_local1242953620_0001
2017-06-07 12:22:37,107 INFO org.apache.hadoop.mapreduce.Job: The url to track the job: http://localhost:8080/
2017-06-07 12:22:37,109 INFO org.apache.hadoop.mapreduce.Job: Running job: job_local1242953620_0001
2017-06-07 12:22:37,125 INFO org.apache.hadoop.mapred.LocalJobRunner: OutputCommitter set in config null
2017-06-07 12:22:37,164 INFO org.apache.hadoop.mapreduce.lib.output.FileOutputCommitter: File Output Committer Algorithm version is 1
2017-06-07 12:22:37,178 INFO org.apache.hadoop.mapred.LocalJobRunner: OutputCommitter is org.apache.hadoop.mapreduce.lib.output.FileOutputCommitter
2017-06-07 12:22:37,554 INFO org.apache.hadoop.mapred.LocalJobRunner: Waiting for map tasks
2017-06-07 12:22:37,556 INFO org.apache.hadoop.mapred.LocalJobRunner: Starting task: attempt_local1242953620_0001_m_000000_0
2017-06-07 12:22:37,786 INFO org.apache.hadoop.mapreduce.lib.output.FileOutputCommitter: File Output Committer Algorithm version is 1
2017-06-07 12:22:37,866 INFO org.apache.hadoop.mapred.Task:  Using ResourceCalculatorProcessTree : [ ]
2017-06-07 12:22:37,884 INFO org.apache.hadoop.mapred.MapTask: Processing split: hdfs://quickstart.cloudera:8020/user/output/avg_rating40/part-r-00000:0+53215
2017-06-07 12:22:38,125 INFO org.apache.hadoop.mapreduce.Job: Job job_local1242953620_0001 running in uber mode : false
2017-06-07 12:22:38,130 INFO org.apache.hadoop.mapreduce.Job:  map 0% reduce 0%
2017-06-07 12:22:38,640 INFO org.apache.hadoop.mapred.MapTask: (EQUATOR) 0 kvi 26214396(104857584)
2017-06-07 12:22:38,659 INFO org.apache.hadoop.mapred.MapTask: mapreduce.task.io.sort.mb: 100
2017-06-07 12:22:38,659 INFO org.apache.hadoop.mapred.MapTask: soft limit at 83886080
2017-06-07 12:22:38,659 INFO org.apache.hadoop.mapred.MapTask: bufstart = 0; bufvoid = 104857600
2017-06-07 12:22:38,659 INFO org.apache.hadoop.mapred.MapTask: kvstart = 26214396; length = 6553600
2017-06-07 12:22:38,750 INFO org.apache.hadoop.mapred.MapTask: Map output collector class = org.apache.hadoop.mapred.MapTask$MapOutputBuffer
2017-06-07 12:22:39,437 INFO org.apache.hadoop.mapred.LocalJobRunner: 
2017-06-07 12:22:39,448 INFO org.apache.hadoop.mapred.MapTask: Starting flush of map output
2017-06-07 12:22:39,448 INFO org.apache.hadoop.mapred.MapTask: Spilling map output
2017-06-07 12:22:39,449 INFO org.apache.hadoop.mapred.MapTask: bufstart = 0; bufend = 37724; bufvoid = 104857600
2017-06-07 12:22:39,449 INFO org.apache.hadoop.mapred.MapTask: kvstart = 26214396(104857584); kvend = 26203788(104815152); length = 10609/6553600
2017-06-07 12:22:39,702 INFO org.apache.hadoop.mapred.MapTask: Finished spill 0
2017-06-07 12:22:39,725 INFO org.apache.hadoop.mapred.Task: Task:attempt_local1242953620_0001_m_000000_0 is done. And is in the process of committing
2017-06-07 12:22:39,803 INFO org.apache.hadoop.mapred.LocalJobRunner: map
2017-06-07 12:22:39,806 INFO org.apache.hadoop.mapred.Task: Task 'attempt_local1242953620_0001_m_000000_0' done.
2017-06-07 12:22:39,806 INFO org.apache.hadoop.mapred.LocalJobRunner: Finishing task: attempt_local1242953620_0001_m_000000_0
2017-06-07 12:22:39,807 INFO org.apache.hadoop.mapred.LocalJobRunner: map task executor complete.
2017-06-07 12:22:39,821 INFO org.apache.hadoop.mapred.LocalJobRunner: Waiting for reduce tasks
2017-06-07 12:22:39,821 INFO org.apache.hadoop.mapred.LocalJobRunner: Starting task: attempt_local1242953620_0001_r_000000_0
2017-06-07 12:22:39,875 INFO org.apache.hadoop.mapreduce.lib.output.FileOutputCommitter: File Output Committer Algorithm version is 1
2017-06-07 12:22:39,883 INFO org.apache.hadoop.mapred.Task:  Using ResourceCalculatorProcessTree : [ ]
2017-06-07 12:22:39,901 INFO org.apache.hadoop.mapred.ReduceTask: Using ShuffleConsumerPlugin: org.apache.hadoop.mapreduce.task.reduce.Shuffle@3eebbf4
2017-06-07 12:22:39,966 INFO org.apache.hadoop.mapreduce.task.reduce.MergeManagerImpl: MergerManager: memoryLimit=790888448, maxSingleShuffleLimit=197722112, mergeThreshold=521986400, ioSortFactor=10, memToMemMergeOutputsThreshold=10
2017-06-07 12:22:40,004 INFO org.apache.hadoop.mapreduce.task.reduce.EventFetcher: attempt_local1242953620_0001_r_000000_0 Thread started: EventFetcher for fetching Map Completion Events
2017-06-07 12:22:40,128 INFO org.apache.hadoop.mapreduce.task.reduce.LocalFetcher: localfetcher#1 about to shuffle output of map attempt_local1242953620_0001_m_000000_0 decomp: 43032 len: 43036 to MEMORY
2017-06-07 12:22:40,157 INFO org.apache.hadoop.mapreduce.task.reduce.InMemoryMapOutput: Read 43032 bytes from map-output for attempt_local1242953620_0001_m_000000_0
2017-06-07 12:22:40,172 INFO org.apache.hadoop.mapreduce.Job:  map 100% reduce 0%
2017-06-07 12:22:40,174 INFO org.apache.hadoop.mapreduce.task.reduce.MergeManagerImpl: closeInMemoryFile -> map-output of size: 43032, inMemoryMapOutputs.size() -> 1, commitMemory -> 0, usedMemory ->43032
2017-06-07 12:22:40,185 INFO org.apache.hadoop.mapreduce.task.reduce.EventFetcher: EventFetcher is interrupted.. Returning
2017-06-07 12:22:40,188 INFO org.apache.hadoop.mapred.LocalJobRunner: 1 / 1 copied.
2017-06-07 12:22:40,189 INFO org.apache.hadoop.mapreduce.task.reduce.MergeManagerImpl: finalMerge called with 1 in-memory map-outputs and 0 on-disk map-outputs
2017-06-07 12:22:40,217 INFO org.apache.hadoop.mapred.Merger: Merging 1 sorted segments
2017-06-07 12:22:40,225 INFO org.apache.hadoop.mapred.Merger: Down to the last merge-pass, with 1 segments left of total size: 43028 bytes
2017-06-07 12:22:40,324 INFO org.apache.hadoop.mapreduce.task.reduce.MergeManagerImpl: Merged 1 segments, 43032 bytes to disk to satisfy reduce memory limit
2017-06-07 12:22:40,328 INFO org.apache.hadoop.mapreduce.task.reduce.MergeManagerImpl: Merging 1 files, 43036 bytes from disk
2017-06-07 12:22:40,333 INFO org.apache.hadoop.mapreduce.task.reduce.MergeManagerImpl: Merging 0 segments, 0 bytes from memory into reduce
2017-06-07 12:22:40,333 INFO org.apache.hadoop.mapred.Merger: Merging 1 sorted segments
2017-06-07 12:22:40,334 INFO org.apache.hadoop.mapred.Merger: Down to the last merge-pass, with 1 segments left of total size: 43028 bytes
2017-06-07 12:22:40,335 INFO org.apache.hadoop.mapred.LocalJobRunner: 1 / 1 copied.
2017-06-07 12:22:40,427 INFO org.apache.hadoop.conf.Configuration.deprecation: mapred.skip.on is deprecated. Instead, use mapreduce.job.skiprecords
2017-06-07 12:22:41,381 INFO org.apache.hadoop.mapred.Task: Task:attempt_local1242953620_0001_r_000000_0 is done. And is in the process of committing
2017-06-07 12:22:41,396 INFO org.apache.hadoop.mapred.LocalJobRunner: 1 / 1 copied.
2017-06-07 12:22:41,403 INFO org.apache.hadoop.mapred.Task: Task attempt_local1242953620_0001_r_000000_0 is allowed to commit now
2017-06-07 12:22:41,427 INFO org.apache.hadoop.mapreduce.lib.output.FileOutputCommitter: Saved output of task 'attempt_local1242953620_0001_r_000000_0' to hdfs://quickstart.cloudera:8020/user/output/nameAvgCount/_temporary/0/task_local1242953620_0001_r_000000
2017-06-07 12:22:41,430 INFO org.apache.hadoop.mapred.LocalJobRunner: reduce > reduce
2017-06-07 12:22:41,431 INFO org.apache.hadoop.mapred.Task: Task 'attempt_local1242953620_0001_r_000000_0' done.
2017-06-07 12:22:41,431 INFO org.apache.hadoop.mapred.LocalJobRunner: Finishing task: attempt_local1242953620_0001_r_000000_0
2017-06-07 12:22:41,432 INFO org.apache.hadoop.mapred.LocalJobRunner: reduce task executor complete.
2017-06-07 12:22:42,254 INFO org.apache.hadoop.mapreduce.Job:  map 100% reduce 100%
2017-06-07 12:22:42,255 INFO org.apache.hadoop.mapreduce.Job: Job job_local1242953620_0001 completed successfully
2017-06-07 12:22:42,291 INFO org.apache.hadoop.mapreduce.Job: Counters: 35
	File System Counters
		FILE: Number of bytes read=86806
		FILE: Number of bytes written=704994
		FILE: Number of read operations=0
		FILE: Number of large read operations=0
		FILE: Number of write operations=0
		HDFS: Number of bytes read=106430
		HDFS: Number of bytes written=291
		HDFS: Number of read operations=13
		HDFS: Number of large read operations=0
		HDFS: Number of write operations=6
	Map-Reduce Framework
		Map input records=2653
		Map output records=2653
		Map output bytes=37724
		Map output materialized bytes=43036
		Input split bytes=285
		Combine input records=0
		Combine output records=0
		Reduce input groups=2653
		Reduce shuffle bytes=43036
		Reduce input records=2653
		Reduce output records=21
		Spilled Records=5306
		Shuffled Maps =1
		Failed Shuffles=0
		Merged Map outputs=1
		GC time elapsed (ms)=71
		Total committed heap usage (bytes)=450887680
	Shuffle Errors
		BAD_ID=0
		CONNECTION=0
		IO_ERROR=0
		WRONG_LENGTH=0
		WRONG_MAP=0
		WRONG_REDUCE=0
	File Input Format Counters 
		Bytes Read=0
	File Output Format Counters 
		Bytes Written=291
2017-06-07 12:27:12,501 WARN org.apache.hadoop.util.NativeCodeLoader: Unable to load native-hadoop library for your platform... using builtin-java classes where applicable
2017-06-07 12:27:16,908 INFO org.apache.hadoop.conf.Configuration.deprecation: session.id is deprecated. Instead, use dfs.metrics.session-id
2017-06-07 12:27:16,918 INFO org.apache.hadoop.metrics.jvm.JvmMetrics: Initializing JVM Metrics with processName=JobTracker, sessionId=
2017-06-07 12:27:17,898 WARN org.apache.hadoop.mapreduce.JobResourceUploader: Hadoop command-line option parsing not performed. Implement the Tool interface and execute your application with ToolRunner to remedy this.
2017-06-07 12:27:17,926 WARN org.apache.hadoop.mapreduce.JobResourceUploader: No job jar file set.  User classes may not be found. See Job or Job#setJar(String).
2017-06-07 12:27:18,090 INFO org.apache.hadoop.mapreduce.lib.input.FileInputFormat: Total input paths to process : 1
2017-06-07 12:27:18,445 INFO org.apache.hadoop.mapreduce.JobSubmitter: number of splits:1
2017-06-07 12:27:19,152 INFO org.apache.hadoop.mapreduce.JobSubmitter: Submitting tokens for job: job_local1356922463_0001
2017-06-07 12:27:20,039 INFO org.apache.hadoop.mapreduce.Job: The url to track the job: http://localhost:8080/
2017-06-07 12:27:20,040 INFO org.apache.hadoop.mapreduce.Job: Running job: job_local1356922463_0001
2017-06-07 12:27:20,054 INFO org.apache.hadoop.mapred.LocalJobRunner: OutputCommitter set in config null
2017-06-07 12:27:20,067 INFO org.apache.hadoop.mapreduce.lib.output.FileOutputCommitter: File Output Committer Algorithm version is 1
2017-06-07 12:27:20,078 INFO org.apache.hadoop.mapred.LocalJobRunner: OutputCommitter is org.apache.hadoop.mapreduce.lib.output.FileOutputCommitter
2017-06-07 12:27:20,293 INFO org.apache.hadoop.mapred.LocalJobRunner: Waiting for map tasks
2017-06-07 12:27:20,297 INFO org.apache.hadoop.mapred.LocalJobRunner: Starting task: attempt_local1356922463_0001_m_000000_0
2017-06-07 12:27:20,463 INFO org.apache.hadoop.mapreduce.lib.output.FileOutputCommitter: File Output Committer Algorithm version is 1
2017-06-07 12:27:20,571 INFO org.apache.hadoop.mapred.Task:  Using ResourceCalculatorProcessTree : [ ]
2017-06-07 12:27:20,577 INFO org.apache.hadoop.mapred.MapTask: Processing split: hdfs://quickstart.cloudera:8020/user/output/avg_rating40/part-r-00000:0+53215
2017-06-07 12:27:20,903 INFO org.apache.hadoop.mapred.MapTask: (EQUATOR) 0 kvi 26214396(104857584)
2017-06-07 12:27:20,903 INFO org.apache.hadoop.mapred.MapTask: mapreduce.task.io.sort.mb: 100
2017-06-07 12:27:20,903 INFO org.apache.hadoop.mapred.MapTask: soft limit at 83886080
2017-06-07 12:27:20,903 INFO org.apache.hadoop.mapred.MapTask: bufstart = 0; bufvoid = 104857600
2017-06-07 12:27:20,903 INFO org.apache.hadoop.mapred.MapTask: kvstart = 26214396; length = 6553600
2017-06-07 12:27:20,928 INFO org.apache.hadoop.mapred.MapTask: Map output collector class = org.apache.hadoop.mapred.MapTask$MapOutputBuffer
2017-06-07 12:27:21,053 INFO org.apache.hadoop.mapreduce.Job: Job job_local1356922463_0001 running in uber mode : false
2017-06-07 12:27:21,058 INFO org.apache.hadoop.mapreduce.Job:  map 0% reduce 0%
2017-06-07 12:27:21,586 INFO org.apache.hadoop.mapred.LocalJobRunner: 
2017-06-07 12:27:21,597 INFO org.apache.hadoop.mapred.MapTask: Starting flush of map output
2017-06-07 12:27:21,598 INFO org.apache.hadoop.mapred.MapTask: Spilling map output
2017-06-07 12:27:21,598 INFO org.apache.hadoop.mapred.MapTask: bufstart = 0; bufend = 37724; bufvoid = 104857600
2017-06-07 12:27:21,599 INFO org.apache.hadoop.mapred.MapTask: kvstart = 26214396(104857584); kvend = 26203788(104815152); length = 10609/6553600
2017-06-07 12:27:21,898 INFO org.apache.hadoop.mapred.MapTask: Finished spill 0
2017-06-07 12:27:21,924 INFO org.apache.hadoop.mapred.Task: Task:attempt_local1356922463_0001_m_000000_0 is done. And is in the process of committing
2017-06-07 12:27:22,007 INFO org.apache.hadoop.mapred.LocalJobRunner: map
2017-06-07 12:27:22,014 INFO org.apache.hadoop.mapred.Task: Task 'attempt_local1356922463_0001_m_000000_0' done.
2017-06-07 12:27:22,014 INFO org.apache.hadoop.mapred.LocalJobRunner: Finishing task: attempt_local1356922463_0001_m_000000_0
2017-06-07 12:27:22,015 INFO org.apache.hadoop.mapred.LocalJobRunner: map task executor complete.
2017-06-07 12:27:22,028 INFO org.apache.hadoop.mapred.LocalJobRunner: Waiting for reduce tasks
2017-06-07 12:27:22,029 INFO org.apache.hadoop.mapred.LocalJobRunner: Starting task: attempt_local1356922463_0001_r_000000_0
2017-06-07 12:27:22,062 INFO org.apache.hadoop.mapreduce.Job:  map 100% reduce 0%
2017-06-07 12:27:22,102 INFO org.apache.hadoop.mapreduce.lib.output.FileOutputCommitter: File Output Committer Algorithm version is 1
2017-06-07 12:27:22,104 INFO org.apache.hadoop.mapred.Task:  Using ResourceCalculatorProcessTree : [ ]
2017-06-07 12:27:22,121 INFO org.apache.hadoop.mapred.ReduceTask: Using ShuffleConsumerPlugin: org.apache.hadoop.mapreduce.task.reduce.Shuffle@4cbfe8c3
2017-06-07 12:27:22,235 INFO org.apache.hadoop.mapreduce.task.reduce.MergeManagerImpl: MergerManager: memoryLimit=790888448, maxSingleShuffleLimit=197722112, mergeThreshold=521986400, ioSortFactor=10, memToMemMergeOutputsThreshold=10
2017-06-07 12:27:22,269 INFO org.apache.hadoop.mapreduce.task.reduce.EventFetcher: attempt_local1356922463_0001_r_000000_0 Thread started: EventFetcher for fetching Map Completion Events
2017-06-07 12:27:22,401 INFO org.apache.hadoop.mapreduce.task.reduce.LocalFetcher: localfetcher#1 about to shuffle output of map attempt_local1356922463_0001_m_000000_0 decomp: 43032 len: 43036 to MEMORY
2017-06-07 12:27:22,417 INFO org.apache.hadoop.mapreduce.task.reduce.InMemoryMapOutput: Read 43032 bytes from map-output for attempt_local1356922463_0001_m_000000_0
2017-06-07 12:27:22,424 INFO org.apache.hadoop.mapreduce.task.reduce.MergeManagerImpl: closeInMemoryFile -> map-output of size: 43032, inMemoryMapOutputs.size() -> 1, commitMemory -> 0, usedMemory ->43032
2017-06-07 12:27:22,436 INFO org.apache.hadoop.mapreduce.task.reduce.EventFetcher: EventFetcher is interrupted.. Returning
2017-06-07 12:27:22,439 INFO org.apache.hadoop.mapred.LocalJobRunner: 1 / 1 copied.
2017-06-07 12:27:22,439 INFO org.apache.hadoop.mapreduce.task.reduce.MergeManagerImpl: finalMerge called with 1 in-memory map-outputs and 0 on-disk map-outputs
2017-06-07 12:27:22,464 INFO org.apache.hadoop.mapred.Merger: Merging 1 sorted segments
2017-06-07 12:27:22,466 INFO org.apache.hadoop.mapred.Merger: Down to the last merge-pass, with 1 segments left of total size: 43028 bytes
2017-06-07 12:27:22,564 INFO org.apache.hadoop.mapreduce.task.reduce.MergeManagerImpl: Merged 1 segments, 43032 bytes to disk to satisfy reduce memory limit
2017-06-07 12:27:22,568 INFO org.apache.hadoop.mapreduce.task.reduce.MergeManagerImpl: Merging 1 files, 43036 bytes from disk
2017-06-07 12:27:22,575 INFO org.apache.hadoop.mapreduce.task.reduce.MergeManagerImpl: Merging 0 segments, 0 bytes from memory into reduce
2017-06-07 12:27:22,576 INFO org.apache.hadoop.mapred.Merger: Merging 1 sorted segments
2017-06-07 12:27:22,577 INFO org.apache.hadoop.mapred.Merger: Down to the last merge-pass, with 1 segments left of total size: 43028 bytes
2017-06-07 12:27:22,578 INFO org.apache.hadoop.mapred.LocalJobRunner: 1 / 1 copied.
2017-06-07 12:27:22,668 INFO org.apache.hadoop.conf.Configuration.deprecation: mapred.skip.on is deprecated. Instead, use mapreduce.job.skiprecords
2017-06-07 12:27:23,418 INFO org.apache.hadoop.mapred.Task: Task:attempt_local1356922463_0001_r_000000_0 is done. And is in the process of committing
2017-06-07 12:27:23,435 INFO org.apache.hadoop.mapred.LocalJobRunner: 1 / 1 copied.
2017-06-07 12:27:23,436 INFO org.apache.hadoop.mapred.Task: Task attempt_local1356922463_0001_r_000000_0 is allowed to commit now
2017-06-07 12:27:23,458 INFO org.apache.hadoop.mapreduce.lib.output.FileOutputCommitter: Saved output of task 'attempt_local1356922463_0001_r_000000_0' to hdfs://quickstart.cloudera:8020/user/output/nameAvgCount/_temporary/0/task_local1356922463_0001_r_000000
2017-06-07 12:27:23,461 INFO org.apache.hadoop.mapred.LocalJobRunner: reduce > reduce
2017-06-07 12:27:23,462 INFO org.apache.hadoop.mapred.Task: Task 'attempt_local1356922463_0001_r_000000_0' done.
2017-06-07 12:27:23,462 INFO org.apache.hadoop.mapred.LocalJobRunner: Finishing task: attempt_local1356922463_0001_r_000000_0
2017-06-07 12:27:23,463 INFO org.apache.hadoop.mapred.LocalJobRunner: reduce task executor complete.
2017-06-07 12:27:24,068 INFO org.apache.hadoop.mapreduce.Job:  map 100% reduce 100%
2017-06-07 12:27:24,070 INFO org.apache.hadoop.mapreduce.Job: Job job_local1356922463_0001 completed successfully
2017-06-07 12:27:24,129 INFO org.apache.hadoop.mapreduce.Job: Counters: 35
	File System Counters
		FILE: Number of bytes read=86806
		FILE: Number of bytes written=704994
		FILE: Number of read operations=0
		FILE: Number of large read operations=0
		FILE: Number of write operations=0
		HDFS: Number of bytes read=106430
		HDFS: Number of bytes written=291
		HDFS: Number of read operations=13
		HDFS: Number of large read operations=0
		HDFS: Number of write operations=6
	Map-Reduce Framework
		Map input records=2653
		Map output records=2653
		Map output bytes=37724
		Map output materialized bytes=43036
		Input split bytes=285
		Combine input records=0
		Combine output records=0
		Reduce input groups=2653
		Reduce shuffle bytes=43036
		Reduce input records=2653
		Reduce output records=21
		Spilled Records=5306
		Shuffled Maps =1
		Failed Shuffles=0
		Merged Map outputs=1
		GC time elapsed (ms)=38
		Total committed heap usage (bytes)=412090368
	Shuffle Errors
		BAD_ID=0
		CONNECTION=0
		IO_ERROR=0
		WRONG_LENGTH=0
		WRONG_MAP=0
		WRONG_REDUCE=0
	File Input Format Counters 
		Bytes Read=0
	File Output Format Counters 
		Bytes Written=291
2017-06-07 12:33:10,704 WARN org.apache.hadoop.util.NativeCodeLoader: Unable to load native-hadoop library for your platform... using builtin-java classes where applicable
2017-06-07 12:33:15,382 INFO org.apache.hadoop.conf.Configuration.deprecation: session.id is deprecated. Instead, use dfs.metrics.session-id
2017-06-07 12:33:15,388 INFO org.apache.hadoop.metrics.jvm.JvmMetrics: Initializing JVM Metrics with processName=JobTracker, sessionId=
2017-06-07 12:33:16,974 WARN org.apache.hadoop.mapreduce.JobResourceUploader: Hadoop command-line option parsing not performed. Implement the Tool interface and execute your application with ToolRunner to remedy this.
2017-06-07 12:33:17,014 WARN org.apache.hadoop.mapreduce.JobResourceUploader: No job jar file set.  User classes may not be found. See Job or Job#setJar(String).
2017-06-07 12:33:17,228 INFO org.apache.hadoop.mapreduce.lib.input.FileInputFormat: Total input paths to process : 1
2017-06-07 12:33:17,762 INFO org.apache.hadoop.mapreduce.JobSubmitter: number of splits:1
2017-06-07 12:33:18,592 INFO org.apache.hadoop.mapreduce.JobSubmitter: Submitting tokens for job: job_local1048274735_0001
2017-06-07 12:33:19,706 INFO org.apache.hadoop.mapreduce.Job: The url to track the job: http://localhost:8080/
2017-06-07 12:33:19,710 INFO org.apache.hadoop.mapreduce.Job: Running job: job_local1048274735_0001
2017-06-07 12:33:19,726 INFO org.apache.hadoop.mapred.LocalJobRunner: OutputCommitter set in config null
2017-06-07 12:33:19,751 INFO org.apache.hadoop.mapreduce.lib.output.FileOutputCommitter: File Output Committer Algorithm version is 1
2017-06-07 12:33:19,757 INFO org.apache.hadoop.mapred.LocalJobRunner: OutputCommitter is org.apache.hadoop.mapreduce.lib.output.FileOutputCommitter
2017-06-07 12:33:19,994 INFO org.apache.hadoop.mapred.LocalJobRunner: Waiting for map tasks
2017-06-07 12:33:19,997 INFO org.apache.hadoop.mapred.LocalJobRunner: Starting task: attempt_local1048274735_0001_m_000000_0
2017-06-07 12:33:20,277 INFO org.apache.hadoop.mapreduce.lib.output.FileOutputCommitter: File Output Committer Algorithm version is 1
2017-06-07 12:33:20,344 INFO org.apache.hadoop.mapred.Task:  Using ResourceCalculatorProcessTree : [ ]
2017-06-07 12:33:20,353 INFO org.apache.hadoop.mapred.MapTask: Processing split: hdfs://quickstart.cloudera:8020/user/output/avg_rating40/part-r-00000:0+53215
2017-06-07 12:33:20,724 INFO org.apache.hadoop.mapreduce.Job: Job job_local1048274735_0001 running in uber mode : false
2017-06-07 12:33:20,759 INFO org.apache.hadoop.mapreduce.Job:  map 0% reduce 0%
2017-06-07 12:33:20,964 INFO org.apache.hadoop.mapred.MapTask: (EQUATOR) 0 kvi 26214396(104857584)
2017-06-07 12:33:20,965 INFO org.apache.hadoop.mapred.MapTask: mapreduce.task.io.sort.mb: 100
2017-06-07 12:33:20,965 INFO org.apache.hadoop.mapred.MapTask: soft limit at 83886080
2017-06-07 12:33:20,965 INFO org.apache.hadoop.mapred.MapTask: bufstart = 0; bufvoid = 104857600
2017-06-07 12:33:20,965 INFO org.apache.hadoop.mapred.MapTask: kvstart = 26214396; length = 6553600
2017-06-07 12:33:20,977 INFO org.apache.hadoop.mapred.MapTask: Map output collector class = org.apache.hadoop.mapred.MapTask$MapOutputBuffer
2017-06-07 12:33:21,618 INFO org.apache.hadoop.mapred.LocalJobRunner: 
2017-06-07 12:33:21,637 INFO org.apache.hadoop.mapred.MapTask: Starting flush of map output
2017-06-07 12:33:21,638 INFO org.apache.hadoop.mapred.MapTask: Spilling map output
2017-06-07 12:33:21,639 INFO org.apache.hadoop.mapred.MapTask: bufstart = 0; bufend = 37724; bufvoid = 104857600
2017-06-07 12:33:21,639 INFO org.apache.hadoop.mapred.MapTask: kvstart = 26214396(104857584); kvend = 26203788(104815152); length = 10609/6553600
2017-06-07 12:33:21,911 INFO org.apache.hadoop.mapred.MapTask: Finished spill 0
2017-06-07 12:33:21,938 INFO org.apache.hadoop.mapred.Task: Task:attempt_local1048274735_0001_m_000000_0 is done. And is in the process of committing
2017-06-07 12:33:22,014 INFO org.apache.hadoop.mapred.LocalJobRunner: map
2017-06-07 12:33:22,015 INFO org.apache.hadoop.mapred.Task: Task 'attempt_local1048274735_0001_m_000000_0' done.
2017-06-07 12:33:22,015 INFO org.apache.hadoop.mapred.LocalJobRunner: Finishing task: attempt_local1048274735_0001_m_000000_0
2017-06-07 12:33:22,016 INFO org.apache.hadoop.mapred.LocalJobRunner: map task executor complete.
2017-06-07 12:33:22,069 INFO org.apache.hadoop.mapred.LocalJobRunner: Waiting for reduce tasks
2017-06-07 12:33:22,070 INFO org.apache.hadoop.mapred.LocalJobRunner: Starting task: attempt_local1048274735_0001_r_000000_0
2017-06-07 12:33:22,120 INFO org.apache.hadoop.mapreduce.lib.output.FileOutputCommitter: File Output Committer Algorithm version is 1
2017-06-07 12:33:22,121 INFO org.apache.hadoop.mapred.Task:  Using ResourceCalculatorProcessTree : [ ]
2017-06-07 12:33:22,145 INFO org.apache.hadoop.mapred.ReduceTask: Using ShuffleConsumerPlugin: org.apache.hadoop.mapreduce.task.reduce.Shuffle@3c7261e0
2017-06-07 12:33:22,199 INFO org.apache.hadoop.mapreduce.task.reduce.MergeManagerImpl: MergerManager: memoryLimit=790888448, maxSingleShuffleLimit=197722112, mergeThreshold=521986400, ioSortFactor=10, memToMemMergeOutputsThreshold=10
2017-06-07 12:33:22,231 INFO org.apache.hadoop.mapreduce.task.reduce.EventFetcher: attempt_local1048274735_0001_r_000000_0 Thread started: EventFetcher for fetching Map Completion Events
2017-06-07 12:33:22,332 INFO org.apache.hadoop.mapreduce.task.reduce.LocalFetcher: localfetcher#1 about to shuffle output of map attempt_local1048274735_0001_m_000000_0 decomp: 43032 len: 43036 to MEMORY
2017-06-07 12:33:22,358 INFO org.apache.hadoop.mapreduce.task.reduce.InMemoryMapOutput: Read 43032 bytes from map-output for attempt_local1048274735_0001_m_000000_0
2017-06-07 12:33:22,373 INFO org.apache.hadoop.mapreduce.task.reduce.MergeManagerImpl: closeInMemoryFile -> map-output of size: 43032, inMemoryMapOutputs.size() -> 1, commitMemory -> 0, usedMemory ->43032
2017-06-07 12:33:22,382 INFO org.apache.hadoop.mapreduce.task.reduce.EventFetcher: EventFetcher is interrupted.. Returning
2017-06-07 12:33:22,384 INFO org.apache.hadoop.mapred.LocalJobRunner: 1 / 1 copied.
2017-06-07 12:33:22,393 INFO org.apache.hadoop.mapreduce.task.reduce.MergeManagerImpl: finalMerge called with 1 in-memory map-outputs and 0 on-disk map-outputs
2017-06-07 12:33:22,408 INFO org.apache.hadoop.mapred.Merger: Merging 1 sorted segments
2017-06-07 12:33:22,409 INFO org.apache.hadoop.mapred.Merger: Down to the last merge-pass, with 1 segments left of total size: 43028 bytes
2017-06-07 12:33:22,488 INFO org.apache.hadoop.mapreduce.task.reduce.MergeManagerImpl: Merged 1 segments, 43032 bytes to disk to satisfy reduce memory limit
2017-06-07 12:33:22,489 INFO org.apache.hadoop.mapreduce.task.reduce.MergeManagerImpl: Merging 1 files, 43036 bytes from disk
2017-06-07 12:33:22,491 INFO org.apache.hadoop.mapreduce.task.reduce.MergeManagerImpl: Merging 0 segments, 0 bytes from memory into reduce
2017-06-07 12:33:22,491 INFO org.apache.hadoop.mapred.Merger: Merging 1 sorted segments
2017-06-07 12:33:22,492 INFO org.apache.hadoop.mapred.Merger: Down to the last merge-pass, with 1 segments left of total size: 43028 bytes
2017-06-07 12:33:22,494 INFO org.apache.hadoop.mapred.LocalJobRunner: 1 / 1 copied.
2017-06-07 12:33:22,618 INFO org.apache.hadoop.conf.Configuration.deprecation: mapred.skip.on is deprecated. Instead, use mapreduce.job.skiprecords
2017-06-07 12:33:22,782 INFO org.apache.hadoop.mapreduce.Job:  map 100% reduce 0%
2017-06-07 12:33:23,549 INFO org.apache.hadoop.mapred.Task: Task:attempt_local1048274735_0001_r_000000_0 is done. And is in the process of committing
2017-06-07 12:33:23,565 INFO org.apache.hadoop.mapred.LocalJobRunner: 1 / 1 copied.
2017-06-07 12:33:23,566 INFO org.apache.hadoop.mapred.Task: Task attempt_local1048274735_0001_r_000000_0 is allowed to commit now
2017-06-07 12:33:23,609 INFO org.apache.hadoop.mapreduce.lib.output.FileOutputCommitter: Saved output of task 'attempt_local1048274735_0001_r_000000_0' to hdfs://quickstart.cloudera:8020/user/output/nameAvgCount/_temporary/0/task_local1048274735_0001_r_000000
2017-06-07 12:33:23,611 INFO org.apache.hadoop.mapred.LocalJobRunner: reduce > reduce
2017-06-07 12:33:23,611 INFO org.apache.hadoop.mapred.Task: Task 'attempt_local1048274735_0001_r_000000_0' done.
2017-06-07 12:33:23,612 INFO org.apache.hadoop.mapred.LocalJobRunner: Finishing task: attempt_local1048274735_0001_r_000000_0
2017-06-07 12:33:23,612 INFO org.apache.hadoop.mapred.LocalJobRunner: reduce task executor complete.
2017-06-07 12:33:23,784 INFO org.apache.hadoop.mapreduce.Job:  map 100% reduce 100%
2017-06-07 12:33:23,787 INFO org.apache.hadoop.mapreduce.Job: Job job_local1048274735_0001 completed successfully
2017-06-07 12:33:23,848 INFO org.apache.hadoop.mapreduce.Job: Counters: 35
	File System Counters
		FILE: Number of bytes read=86806
		FILE: Number of bytes written=704994
		FILE: Number of read operations=0
		FILE: Number of large read operations=0
		FILE: Number of write operations=0
		HDFS: Number of bytes read=106430
		HDFS: Number of bytes written=291
		HDFS: Number of read operations=13
		HDFS: Number of large read operations=0
		HDFS: Number of write operations=6
	Map-Reduce Framework
		Map input records=2653
		Map output records=2653
		Map output bytes=37724
		Map output materialized bytes=43036
		Input split bytes=285
		Combine input records=0
		Combine output records=0
		Reduce input groups=2653
		Reduce shuffle bytes=43036
		Reduce input records=2653
		Reduce output records=21
		Spilled Records=5306
		Shuffled Maps =1
		Failed Shuffles=0
		Merged Map outputs=1
		GC time elapsed (ms)=69
		Total committed heap usage (bytes)=449839104
	Shuffle Errors
		BAD_ID=0
		CONNECTION=0
		IO_ERROR=0
		WRONG_LENGTH=0
		WRONG_MAP=0
		WRONG_REDUCE=0
	File Input Format Counters 
		Bytes Read=0
	File Output Format Counters 
		Bytes Written=291
